[11/Dec/2011:18:09:34 -0800] Server.httpServe: START (EventLoopSimple)
[11/Dec/2011:19:32:22 -0800] Server.httpServe: SHUTDOWN
[11/Dec/2011:19:32:22 -0800] Server.httpServe: BACKEND STOPPED
[11/Dec/2011:19:47:42 -0800] Server.httpServe: START (EventLoopSimple)
[11/Dec/2011:19:47:44 -0800] Server.httpServe: SHUTDOWN
[11/Dec/2011:19:47:44 -0800] Server.httpServe: BACKEND STOPPED
[11/Dec/2011:19:48:06 -0800] Server.httpServe: START (EventLoopSimple)
[11/Dec/2011:23:28:15 -0800] Server.httpServe: SHUTDOWN
[11/Dec/2011:23:28:15 -0800] Server.httpServe: BACKEND STOPPED
[11/Dec/2011:23:31:10 -0800] Server.httpServe: START (EventLoopSimple)
[11/Dec/2011:23:31:25 -0800] During processing of request from 127.0.0.1:58881
request:
"Request <\n    server-name: localhost\n    remote: 127.0.0.1:58881\n    local: 127.0.0.1:3000\n    Headers:\n      ========================================\n          User-Agent: Mozilla/5.0 (Macintosh; Intel Mac OS X 10_7_2) AppleWebKit/535.2 (KHTML, like Gecko) Chrome/15.0.874.121 Safari/535.2\n Accept-Charset: ISO-8859-1,utf-8;q=0.7,*;q=0.3\n Accept-Language: en-US,en;q=0.8\n Accept: text/html,application/xhtml+xml,application/xml;q=0.9,*/*;q=0.8\n Host: localhost:3000\n Connection: keep-alive\n Accept-Encoding: gzip,deflate,sdch\n      ========================================\n    content-length: Nothing\n    method: GET\n    version: (1,1)\n    cookies:\n      ========================================\n      \n      ========================================\n    pathinfo: cabal\n    contextpath: /\n    snapletpath: \n    URI: /cabal\n    params:\n      ========================================\n      \n      ========================================\n>"
A web handler threw an exception. Details:
miku.cabal: openFile: does not exist (No such file or directory)
[11/Dec/2011:23:32:22 -0800] Server.httpServe: SHUTDOWN
[11/Dec/2011:23:32:22 -0800] Server.httpServe: BACKEND STOPPED
[11/Dec/2011:23:32:23 -0800] Server.httpServe: START (EventLoopSimple)
[11/Dec/2011:23:34:03 -0800] Server.httpServe: SHUTDOWN
[11/Dec/2011:23:34:03 -0800] Server.httpServe: BACKEND STOPPED
[11/Dec/2011:23:34:04 -0800] Server.httpServe: START (EventLoopSimple)
[11/Dec/2011:23:40:27 -0800] Server.httpServe: SHUTDOWN
[11/Dec/2011:23:40:27 -0800] Server.httpServe: BACKEND STOPPED
[11/Dec/2011:23:44:11 -0800] Server.httpServe: START (EventLoopSimple)
[11/Dec/2011:23:44:21 -0800] Server.httpServe: SHUTDOWN
[11/Dec/2011:23:44:21 -0800] Server.httpServe: BACKEND STOPPED
[11/Dec/2011:23:49:18 -0800] Server.httpServe: START (EventLoopSimple)
[11/Dec/2011:23:49:30 -0800] During processing of request from 127.0.0.1:58966
request:
"Request <\n    server-name: localhost\n    remote: 127.0.0.1:58966\n    local: 127.0.0.1:3000\n    Headers:\n      ========================================\n          User-Agent: Mozilla/5.0 (Macintosh; Intel Mac OS X 10_7_2) AppleWebKit/535.2 (KHTML, like Gecko) Chrome/15.0.874.121 Safari/535.2\n Accept-Charset: ISO-8859-1,utf-8;q=0.7,*;q=0.3\n Accept-Language: en-US,en;q=0.8\n Accept: text/html,application/xhtml+xml,application/xml;q=0.9,*/*;q=0.8\n Host: localhost:3000\n Connection: keep-alive\n Accept-Encoding: gzip,deflate,sdch\n      ========================================\n    content-length: Nothing\n    method: GET\n    version: (1,1)\n    cookies:\n      ========================================\n      \n      ========================================\n    pathinfo: magic\n    contextpath: /\n    snapletpath: \n    URI: /magic\n    params:\n      ========================================\n      \n      ========================================\n>"
A web handler threw an exception. Details:
Prelude.undefined
[11/Dec/2011:23:50:23 -0800] Server.httpServe: SHUTDOWN
[11/Dec/2011:23:50:23 -0800] Server.httpServe: BACKEND STOPPED
[11/Dec/2011:23:52:27 -0800] Server.httpServe: START (EventLoopSimple)
[11/Dec/2011:23:53:30 -0800] Server.httpServe: START (EventLoopSimple)
[12/Dec/2011:00:02:56 -0800] Server.httpServe: START (EventLoopSimple)
[12/Dec/2011:02:38:30 -0800] Server.httpServe: SHUTDOWN
[12/Dec/2011:02:38:30 -0800] Server.httpServe: BACKEND STOPPED
[12/Dec/2011:02:38:34 -0800] Server.httpServe: START (EventLoopSimple)
[12/Dec/2011:02:44:56 -0800] Server.httpServe: SHUTDOWN
[12/Dec/2011:02:44:56 -0800] Server.httpServe: BACKEND STOPPED
[12/Dec/2011:02:44:57 -0800] Server.httpServe: START (EventLoopSimple)
[12/Dec/2011:02:48:03 -0800] Server.httpServe: SHUTDOWN
[12/Dec/2011:02:48:03 -0800] Server.httpServe: BACKEND STOPPED
[12/Dec/2011:02:48:04 -0800] Server.httpServe: START (EventLoopSimple)
[12/Dec/2011:02:48:48 -0800] Server.httpServe: SHUTDOWN
[12/Dec/2011:02:48:48 -0800] Server.httpServe: BACKEND STOPPED
[12/Dec/2011:02:48:50 -0800] Server.httpServe: START (EventLoopSimple)
[12/Dec/2011:02:49:39 -0800] Server.httpServe: SHUTDOWN
[12/Dec/2011:02:49:39 -0800] Server.httpServe: BACKEND STOPPED
[12/Dec/2011:02:49:41 -0800] Server.httpServe: START (EventLoopSimple)
[12/Dec/2011:02:50:59 -0800] Server.httpServe: SHUTDOWN
[12/Dec/2011:02:50:59 -0800] Server.httpServe: BACKEND STOPPED
[12/Dec/2011:02:51:00 -0800] Server.httpServe: START (EventLoopSimple)
[12/Dec/2011:02:51:45 -0800] Server.httpServe: SHUTDOWN
[12/Dec/2011:02:51:45 -0800] Server.httpServe: BACKEND STOPPED
[12/Dec/2011:02:51:47 -0800] Server.httpServe: START (EventLoopSimple)
[12/Dec/2011:02:56:45 -0800] Server.httpServe: SHUTDOWN
[12/Dec/2011:02:56:45 -0800] Server.httpServe: BACKEND STOPPED
[12/Dec/2011:03:06:10 -0800] Server.httpServe: START (EventLoopSimple)
[12/Dec/2011:03:06:37 -0800] Server.httpServe: SHUTDOWN
[12/Dec/2011:03:06:37 -0800] Server.httpServe: BACKEND STOPPED
[12/Dec/2011:03:10:42 -0800] Server.httpServe: START (EventLoopSimple)
[12/Dec/2011:03:16:41 -0800] Server.httpServe: SHUTDOWN
[12/Dec/2011:03:16:41 -0800] Server.httpServe: BACKEND STOPPED
[12/Dec/2011:03:18:46 -0800] Server.httpServe: START (EventLoopSimple)
[12/Dec/2011:03:19:08 -0800] Server.httpServe: SHUTDOWN
[12/Dec/2011:03:19:08 -0800] Server.httpServe: BACKEND STOPPED
[12/Dec/2011:03:19:09 -0800] Server.httpServe: START (EventLoopSimple)
[12/Dec/2011:03:42:26 -0800] Server.httpServe: SHUTDOWN
[12/Dec/2011:03:42:26 -0800] Server.httpServe: BACKEND STOPPED
[12/Dec/2011:03:44:36 -0800] Server.httpServe: START (EventLoopSimple)
[12/Dec/2011:03:48:12 -0800] Server.httpServe: SHUTDOWN
[12/Dec/2011:03:48:12 -0800] Server.httpServe: BACKEND STOPPED
[12/Dec/2011:03:48:39 -0800] Server.httpServe: START (EventLoopSimple)
[12/Dec/2011:04:17:09 -0800] Server.httpServe: SHUTDOWN
[12/Dec/2011:04:17:09 -0800] Server.httpServe: BACKEND STOPPED
[12/Dec/2011:04:52:06 -0800] Server.httpServe: START (EventLoopSimple)
[12/Dec/2011:04:52:06 -0800] Server.httpServe: SHUTDOWN
[12/Dec/2011:04:52:06 -0800] Server.httpServe: BACKEND STOPPED
[12/Dec/2011:04:56:13 -0800] Server.httpServe: START (EventLoopSimple)
[12/Dec/2011:04:56:16 -0800] Server.httpServe: SHUTDOWN
[12/Dec/2011:04:56:16 -0800] Server.httpServe: BACKEND STOPPED
[12/Dec/2011:04:58:41 -0800] Server.httpServe: START (EventLoopSimple)
[12/Dec/2011:04:58:43 -0800] Server.httpServe: SHUTDOWN
[12/Dec/2011:04:58:43 -0800] Server.httpServe: BACKEND STOPPED
[12/Dec/2011:05:04:36 -0800] Server.httpServe: START (EventLoopSimple)
[12/Dec/2011:05:04:37 -0800] Server.httpServe: SHUTDOWN
[12/Dec/2011:05:04:37 -0800] Server.httpServe: BACKEND STOPPED
[12/Dec/2011:05:11:24 -0800] Server.httpServe: START (EventLoopSimple)
[12/Dec/2011:05:12:36 -0800] Server.httpServe: SHUTDOWN
[12/Dec/2011:05:12:36 -0800] Server.httpServe: BACKEND STOPPED
[12/Dec/2011:05:12:38 -0800] Server.httpServe: START (EventLoopSimple)
[12/Dec/2011:05:14:44 -0800] Server.httpServe: SHUTDOWN
[12/Dec/2011:05:14:44 -0800] Server.httpServe: BACKEND STOPPED
[12/Dec/2011:05:14:46 -0800] Server.httpServe: START (EventLoopSimple)
[12/Dec/2011:05:18:37 -0800] Server.httpServe: SHUTDOWN
[12/Dec/2011:05:18:37 -0800] Server.httpServe: BACKEND STOPPED
[12/Dec/2011:05:18:39 -0800] Server.httpServe: START (EventLoopSimple)
[12/Dec/2011:05:30:46 -0800] Server.httpServe: SHUTDOWN
[12/Dec/2011:05:30:46 -0800] Server.httpServe: BACKEND STOPPED
[12/Dec/2011:05:30:47 -0800] Server.httpServe: START (EventLoopSimple)
[12/Dec/2011:05:34:08 -0800] Server.httpServe: SHUTDOWN
[12/Dec/2011:05:34:08 -0800] Server.httpServe: BACKEND STOPPED
[12/Dec/2011:05:34:10 -0800] Server.httpServe: START (EventLoopSimple)
[12/Dec/2011:05:38:26 -0800] Server.httpServe: SHUTDOWN
[12/Dec/2011:05:38:26 -0800] Server.httpServe: BACKEND STOPPED
[12/Dec/2011:05:41:41 -0800] Server.httpServe: START (EventLoopSimple)
[12/Dec/2011:05:43:04 -0800] Server.httpServe: SHUTDOWN
[12/Dec/2011:05:43:04 -0800] Server.httpServe: BACKEND STOPPED
[12/Dec/2011:05:43:05 -0800] Server.httpServe: START (EventLoopSimple)
[12/Dec/2011:05:44:43 -0800] Server.httpServe: SHUTDOWN
[12/Dec/2011:05:44:43 -0800] Server.httpServe: BACKEND STOPPED
[12/Dec/2011:05:45:10 -0800] Server.httpServe: START (EventLoopSimple)
[12/Dec/2011:06:31:56 -0800] Server.httpServe: SHUTDOWN
[12/Dec/2011:06:31:56 -0800] Server.httpServe: BACKEND STOPPED
[12/Dec/2011:06:35:54 -0800] Server.httpServe: START (EventLoopSimple)
[12/Dec/2011:06:38:20 -0800] Server.httpServe: SHUTDOWN
[12/Dec/2011:06:38:20 -0800] Server.httpServe: BACKEND STOPPED
[12/Dec/2011:06:38:21 -0800] Server.httpServe: START (EventLoopSimple)
[12/Dec/2011:06:40:06 -0800] Server.httpServe: SHUTDOWN
[12/Dec/2011:06:40:06 -0800] Server.httpServe: BACKEND STOPPED
[12/Dec/2011:06:40:07 -0800] Server.httpServe: START (EventLoopSimple)
[12/Dec/2011:19:49:15 -0800] Server.httpServe: SHUTDOWN
[12/Dec/2011:19:49:15 -0800] Server.httpServe: BACKEND STOPPED
[12/Dec/2011:19:49:18 -0800] Server.httpServe: START (EventLoopSimple)
[12/Dec/2011:19:52:28 -0800] Server.httpServe: SHUTDOWN
[12/Dec/2011:19:52:28 -0800] Server.httpServe: BACKEND STOPPED
[12/Dec/2011:19:52:29 -0800] Server.httpServe: START (EventLoopSimple)
[12/Dec/2011:19:53:27 -0800] Server.httpServe: SHUTDOWN
[12/Dec/2011:19:53:27 -0800] Server.httpServe: BACKEND STOPPED
[12/Dec/2011:19:53:48 -0800] Server.httpServe: START (EventLoopSimple)
[12/Dec/2011:19:54:16 -0800] Server.httpServe: SHUTDOWN
[12/Dec/2011:19:54:16 -0800] Server.httpServe: BACKEND STOPPED
[12/Dec/2011:19:54:17 -0800] Server.httpServe: START (EventLoopSimple)
[13/Dec/2011:00:06:11 -0800] Server.httpServe: SHUTDOWN
[13/Dec/2011:00:06:11 -0800] Server.httpServe: BACKEND STOPPED
[13/Dec/2011:00:06:15 -0800] Server.httpServe: START (EventLoopSimple)
[13/Dec/2011:00:09:16 -0800] Server.httpServe: START (EventLoopSimple)
[13/Dec/2011:00:09:48 -0800] Server.httpServe: SHUTDOWN
[13/Dec/2011:00:09:48 -0800] Server.httpServe: BACKEND STOPPED
[13/Dec/2011:00:10:11 -0800] Server.httpServe: START (EventLoopSimple)
[13/Dec/2011:00:11:14 -0800] Server.httpServe: SHUTDOWN
[13/Dec/2011:00:11:14 -0800] Server.httpServe: BACKEND STOPPED
[13/Dec/2011:00:11:16 -0800] Server.httpServe: START (EventLoopSimple)
[13/Dec/2011:00:31:37 -0800] Server.httpServe: SHUTDOWN
[13/Dec/2011:00:31:37 -0800] Server.httpServe: BACKEND STOPPED
[13/Dec/2011:00:39:21 -0800] Server.httpServe: START (EventLoopSimple)
[13/Dec/2011:00:39:27 -0800] Server.httpServe: SHUTDOWN
[13/Dec/2011:00:39:27 -0800] Server.httpServe: BACKEND STOPPED
[13/Dec/2011:00:39:38 -0800] Server.httpServe: START (EventLoopSimple)
[13/Dec/2011:00:40:51 -0800] Server.httpServe: SHUTDOWN
[13/Dec/2011:00:40:51 -0800] Server.httpServe: BACKEND STOPPED
[13/Dec/2011:00:41:24 -0800] Server.httpServe: START (EventLoopSimple)
[13/Dec/2011:00:41:55 -0800] Server.httpServe: SHUTDOWN
[13/Dec/2011:00:41:55 -0800] Server.httpServe: BACKEND STOPPED
[13/Dec/2011:00:41:58 -0800] Server.httpServe: START (EventLoopSimple)
[13/Dec/2011:00:42:18 -0800] Server.httpServe: SHUTDOWN
[13/Dec/2011:00:42:18 -0800] Server.httpServe: BACKEND STOPPED
[13/Dec/2011:00:42:20 -0800] Server.httpServe: START (EventLoopSimple)
[13/Dec/2011:00:42:41 -0800] Server.httpServe: SHUTDOWN
[13/Dec/2011:00:42:41 -0800] Server.httpServe: BACKEND STOPPED
[13/Dec/2011:00:42:42 -0800] Server.httpServe: START (EventLoopSimple)
[13/Dec/2011:00:43:53 -0800] Server.httpServe: SHUTDOWN
[13/Dec/2011:00:43:53 -0800] Server.httpServe: BACKEND STOPPED
[13/Dec/2011:00:43:55 -0800] Server.httpServe: START (EventLoopSimple)
[13/Dec/2011:00:44:07 -0800] Server.httpServe: SHUTDOWN
[13/Dec/2011:00:44:07 -0800] Server.httpServe: BACKEND STOPPED
[13/Dec/2011:00:44:27 -0800] Server.httpServe: START (EventLoopSimple)
[13/Dec/2011:00:44:42 -0800] Server.httpServe: SHUTDOWN
[13/Dec/2011:00:44:42 -0800] Server.httpServe: BACKEND STOPPED
[13/Dec/2011:00:44:43 -0800] Server.httpServe: START (EventLoopSimple)
[13/Dec/2011:00:45:43 -0800] Server.httpServe: SHUTDOWN
[13/Dec/2011:00:45:43 -0800] Server.httpServe: BACKEND STOPPED
[13/Dec/2011:00:45:44 -0800] Server.httpServe: START (EventLoopSimple)
[13/Dec/2011:00:46:23 -0800] Server.httpServe: SHUTDOWN
[13/Dec/2011:00:46:23 -0800] Server.httpServe: BACKEND STOPPED
[13/Dec/2011:00:46:25 -0800] Server.httpServe: START (EventLoopSimple)
[13/Dec/2011:00:47:36 -0800] Server.httpServe: SHUTDOWN
[13/Dec/2011:00:47:36 -0800] Server.httpServe: BACKEND STOPPED
[13/Dec/2011:00:47:53 -0800] Server.httpServe: START (EventLoopSimple)
[13/Dec/2011:00:48:55 -0800] Server.httpServe: SHUTDOWN
[13/Dec/2011:00:48:55 -0800] Server.httpServe: BACKEND STOPPED
[13/Dec/2011:00:50:32 -0800] Server.httpServe: START (EventLoopSimple)
[13/Dec/2011:00:51:14 -0800] Server.httpServe: SHUTDOWN
[13/Dec/2011:00:51:14 -0800] Server.httpServe: BACKEND STOPPED
[13/Dec/2011:00:51:16 -0800] Server.httpServe: START (EventLoopSimple)
[13/Dec/2011:01:12:58 -0800] Server.httpServe: SHUTDOWN
[13/Dec/2011:01:12:58 -0800] Server.httpServe: BACKEND STOPPED
[13/Dec/2011:01:12:59 -0800] Server.httpServe: START (EventLoopSimple)
[13/Dec/2011:01:13:05 -0800] During processing of request from 127.0.0.1:50238
request:
"Request <\n    server-name: localhost\n    remote: 127.0.0.1:50238\n    local: 127.0.0.1:3000\n    Headers:\n      ========================================\n          User-Agent: Mozilla/5.0 (Macintosh; Intel Mac OS X 10_7_2) AppleWebKit/535.2 (KHTML, like Gecko) Chrome/15.0.874.121 Safari/535.2\n Accept-Charset: ISO-8859-1,utf-8;q=0.7,*;q=0.3\n Accept-Language: en-US,en;q=0.8\n Accept: text/html,application/xhtml+xml,application/xml;q=0.9,*/*;q=0.8\n Host: localhost:3000\n Cache-Control: max-age=0\n Connection: keep-alive\n Accept-Encoding: gzip,deflate,sdch\n      ========================================\n    content-length: Nothing\n    method: GET\n    version: (1,1)\n    cookies:\n      ========================================\n      \n      ========================================\n    pathinfo: magic\n    contextpath: /\n    snapletpath: \n    URI: /magic\n    params:\n      ========================================\n      \n      ========================================\n>"
A web handler threw an exception. Details:
user error (resolvedObjs failed.)
[13/Dec/2011:01:13:20 -0800] During processing of request from 127.0.0.1:50238
request:
"Request <\n    server-name: localhost\n    remote: 127.0.0.1:50238\n    local: 127.0.0.1:3000\n    Headers:\n      ========================================\n          User-Agent: Mozilla/5.0 (Macintosh; Intel Mac OS X 10_7_2) AppleWebKit/535.2 (KHTML, like Gecko) Chrome/15.0.874.121 Safari/535.2\n Accept-Charset: ISO-8859-1,utf-8;q=0.7,*;q=0.3\n Accept-Language: en-US,en;q=0.8\n Accept: text/html,application/xhtml+xml,application/xml;q=0.9,*/*;q=0.8\n Host: localhost:3000\n Cache-Control: max-age=0\n Connection: keep-alive\n Accept-Encoding: gzip,deflate,sdch\n      ========================================\n    content-length: Nothing\n    method: GET\n    version: (1,1)\n    cookies:\n      ========================================\n      \n      ========================================\n    pathinfo: magic\n    contextpath: /\n    snapletpath: \n    URI: /magic\n    params:\n      ========================================\n      \n      ========================================\n>"
A web handler threw an exception. Details:
user error (resolvedObjs failed.)
[13/Dec/2011:01:14:10 -0800] Server.httpServe: SHUTDOWN
[13/Dec/2011:01:14:10 -0800] Server.httpServe: BACKEND STOPPED
[13/Dec/2011:01:14:12 -0800] Server.httpServe: START (EventLoopSimple)
[13/Dec/2011:01:14:16 -0800] During processing of request from 127.0.0.1:50244
request:
"Request <\n    server-name: localhost\n    remote: 127.0.0.1:50244\n    local: 127.0.0.1:3000\n    Headers:\n      ========================================\n          User-Agent: Mozilla/5.0 (Macintosh; Intel Mac OS X 10_7_2) AppleWebKit/535.2 (KHTML, like Gecko) Chrome/15.0.874.121 Safari/535.2\n Accept-Charset: ISO-8859-1,utf-8;q=0.7,*;q=0.3\n Accept-Language: en-US,en;q=0.8\n Accept: text/html,application/xhtml+xml,application/xml;q=0.9,*/*;q=0.8\n Host: localhost:3000\n Cache-Control: max-age=0\n Connection: keep-alive\n Accept-Encoding: gzip,deflate,sdch\n      ========================================\n    content-length: Nothing\n    method: GET\n    version: (1,1)\n    cookies:\n      ========================================\n      \n      ========================================\n    pathinfo: magic\n    contextpath: /\n    snapletpath: \n    URI: /magic\n    params:\n      ========================================\n      \n      ========================================\n>"
A web handler threw an exception. Details:
user error (resolvedObjs failed.)
[13/Dec/2011:01:16:27 -0800] Server.httpServe: SHUTDOWN
[13/Dec/2011:01:16:27 -0800] Server.httpServe: BACKEND STOPPED
[13/Dec/2011:01:16:28 -0800] Server.httpServe: START (EventLoopSimple)
[13/Dec/2011:01:18:13 -0800] Server.httpServe: SHUTDOWN
[13/Dec/2011:01:18:13 -0800] Server.httpServe: BACKEND STOPPED
[13/Dec/2011:01:18:15 -0800] Server.httpServe: START (EventLoopSimple)
[13/Dec/2011:01:19:36 -0800] Server.httpServe: SHUTDOWN
[13/Dec/2011:01:19:36 -0800] Server.httpServe: BACKEND STOPPED
[13/Dec/2011:01:19:38 -0800] Server.httpServe: START (EventLoopSimple)
[13/Dec/2011:01:19:40 -0800] During processing of request from 127.0.0.1:50262
request:
"Request <\n    server-name: localhost\n    remote: 127.0.0.1:50262\n    local: 127.0.0.1:3000\n    Headers:\n      ========================================\n          User-Agent: Mozilla/5.0 (Macintosh; Intel Mac OS X 10_7_2) AppleWebKit/535.2 (KHTML, like Gecko) Chrome/15.0.874.121 Safari/535.2\n Accept-Charset: ISO-8859-1,utf-8;q=0.7,*;q=0.3\n Accept-Language: en-US,en;q=0.8\n Accept: text/html,application/xhtml+xml,application/xml;q=0.9,*/*;q=0.8\n Host: localhost:3000\n Cache-Control: max-age=0\n Connection: keep-alive\n Accept-Encoding: gzip,deflate,sdch\n      ========================================\n    content-length: Nothing\n    method: GET\n    version: (1,1)\n    cookies:\n      ========================================\n      \n      ========================================\n    pathinfo: magic\n    contextpath: /\n    snapletpath: \n    URI: /magic\n    params:\n      ========================================\n      \n      ========================================\n>"
A web handler threw an exception. Details:
user error (resolvedObjs failed.)
[13/Dec/2011:01:21:06 -0800] Server.httpServe: SHUTDOWN
[13/Dec/2011:01:21:06 -0800] Server.httpServe: BACKEND STOPPED
[13/Dec/2011:01:21:08 -0800] Server.httpServe: START (EventLoopSimple)
[13/Dec/2011:01:23:41 -0800] Server.httpServe: SHUTDOWN
[13/Dec/2011:01:23:41 -0800] Server.httpServe: BACKEND STOPPED
[13/Dec/2011:01:23:43 -0800] Server.httpServe: START (EventLoopSimple)
[13/Dec/2011:01:23:45 -0800] During processing of request from 127.0.0.1:50270
request:
"Request <\n    server-name: localhost\n    remote: 127.0.0.1:50270\n    local: 127.0.0.1:3000\n    Headers:\n      ========================================\n          User-Agent: Mozilla/5.0 (Macintosh; Intel Mac OS X 10_7_2) AppleWebKit/535.2 (KHTML, like Gecko) Chrome/15.0.874.121 Safari/535.2\n Accept-Charset: ISO-8859-1,utf-8;q=0.7,*;q=0.3\n Accept-Language: en-US,en;q=0.8\n Accept: text/html,application/xhtml+xml,application/xml;q=0.9,*/*;q=0.8\n Host: localhost:3000\n Cache-Control: max-age=0\n Connection: keep-alive\n Accept-Encoding: gzip,deflate,sdch\n      ========================================\n    content-length: Nothing\n    method: GET\n    version: (1,1)\n    cookies:\n      ========================================\n      \n      ========================================\n    pathinfo: magic\n    contextpath: /\n    snapletpath: \n    URI: /magic\n    params:\n      ========================================\n      \n      ========================================\n>"
A web handler threw an exception. Details:
user error (resolvedObjs failed.)
[13/Dec/2011:01:27:17 -0800] Server.httpServe: SHUTDOWN
[13/Dec/2011:01:27:17 -0800] Server.httpServe: BACKEND STOPPED
[13/Dec/2011:01:27:19 -0800] Server.httpServe: START (EventLoopSimple)
[13/Dec/2011:01:27:21 -0800] During processing of request from 127.0.0.1:50286
request:
"Request <\n    server-name: localhost\n    remote: 127.0.0.1:50286\n    local: 127.0.0.1:3000\n    Headers:\n      ========================================\n          User-Agent: Mozilla/5.0 (Macintosh; Intel Mac OS X 10_7_2) AppleWebKit/535.2 (KHTML, like Gecko) Chrome/15.0.874.121 Safari/535.2\n Accept-Charset: ISO-8859-1,utf-8;q=0.7,*;q=0.3\n Accept-Language: en-US,en;q=0.8\n Accept: text/html,application/xhtml+xml,application/xml;q=0.9,*/*;q=0.8\n Host: localhost:3000\n Cache-Control: max-age=0\n Connection: keep-alive\n Accept-Encoding: gzip,deflate,sdch\n      ========================================\n    content-length: Nothing\n    method: GET\n    version: (1,1)\n    cookies:\n      ========================================\n      \n      ========================================\n    pathinfo: magic\n    contextpath: /\n    snapletpath: \n    URI: /magic\n    params:\n      ========================================\n      \n      ========================================\n>"
A web handler threw an exception. Details:
user error (resolvedObjs failed.)
[13/Dec/2011:01:33:56 -0800] Server.httpServe: SHUTDOWN
[13/Dec/2011:01:33:56 -0800] Server.httpServe: BACKEND STOPPED
[13/Dec/2011:01:35:24 -0800] Server.httpServe: START (EventLoopSimple)
[13/Dec/2011:01:35:33 -0800] During processing of request from 127.0.0.1:50353
request:
"Request <\n    server-name: localhost\n    remote: 127.0.0.1:50353\n    local: 127.0.0.1:3000\n    Headers:\n      ========================================\n          User-Agent: Mozilla/5.0 (Macintosh; Intel Mac OS X 10_7_2) AppleWebKit/535.2 (KHTML, like Gecko) Chrome/15.0.874.121 Safari/535.2\n Accept-Charset: ISO-8859-1,utf-8;q=0.7,*;q=0.3\n Accept-Language: en-US,en;q=0.8\n Accept: text/html,application/xhtml+xml,application/xml;q=0.9,*/*;q=0.8\n Host: localhost:3000\n Cache-Control: max-age=0\n Connection: keep-alive\n Accept-Encoding: gzip,deflate,sdch\n      ========================================\n    content-length: Nothing\n    method: GET\n    version: (1,1)\n    cookies:\n      ========================================\n      \n      ========================================\n    pathinfo: magic\n    contextpath: /\n    snapletpath: \n    URI: /magic\n    params:\n      ========================================\n      \n      ========================================\n>"
A web handler threw an exception. Details:
user error (resolvedObjs failed.)
[13/Dec/2011:01:36:58 -0800] Server.httpServe: SHUTDOWN
[13/Dec/2011:01:36:58 -0800] Server.httpServe: BACKEND STOPPED
[13/Dec/2011:01:37:18 -0800] Server.httpServe: START (EventLoopSimple)
[13/Dec/2011:01:37:42 -0800] Server.httpServe: START (EventLoopSimple)
[13/Dec/2011:01:40:17 -0800] Server.httpServe: START (EventLoopSimple)
[13/Dec/2011:01:41:21 -0800] Server.httpServe: SHUTDOWN
[13/Dec/2011:01:41:21 -0800] Server.httpServe: BACKEND STOPPED
[13/Dec/2011:01:42:29 -0800] Server.httpServe: START (EventLoopSimple)
[13/Dec/2011:01:43:41 -0800] Server.httpServe: SHUTDOWN
[13/Dec/2011:01:43:41 -0800] Server.httpServe: BACKEND STOPPED
[13/Dec/2011:01:43:44 -0800] Server.httpServe: START (EventLoopSimple)
[13/Dec/2011:01:44:48 -0800] Server.httpServe: SHUTDOWN
[13/Dec/2011:01:44:48 -0800] Server.httpServe: BACKEND STOPPED
[13/Dec/2011:01:45:05 -0800] Server.httpServe: START (EventLoopSimple)
[13/Dec/2011:01:55:07 -0800] Server.httpServe: SHUTDOWN
[13/Dec/2011:01:55:07 -0800] Server.httpServe: BACKEND STOPPED
[13/Dec/2011:02:00:44 -0800] Server.httpServe: START (EventLoopSimple)
[13/Dec/2011:02:00:46 -0800] Server.httpServe: SHUTDOWN
[13/Dec/2011:02:00:46 -0800] Server.httpServe: BACKEND STOPPED
[13/Dec/2011:02:01:17 -0800] Server.httpServe: START (EventLoopSimple)
[13/Dec/2011:02:01:36 -0800] Server.httpServe: SHUTDOWN
[13/Dec/2011:02:01:36 -0800] Server.httpServe: BACKEND STOPPED
[13/Dec/2011:02:02:21 -0800] Server.httpServe: START (EventLoopSimple)
[13/Dec/2011:02:35:17 -0800] Server.httpServe: SHUTDOWN
[13/Dec/2011:02:35:17 -0800] Server.httpServe: BACKEND STOPPED
[13/Dec/2011:02:38:07 -0800] Server.httpServe: START (EventLoopSimple)
[13/Dec/2011:02:42:05 -0800] Server.httpServe: SHUTDOWN
[13/Dec/2011:02:42:05 -0800] Server.httpServe: BACKEND STOPPED
[13/Dec/2011:02:43:10 -0800] Server.httpServe: START (EventLoopSimple)
[13/Dec/2011:02:45:58 -0800] Server.httpServe: SHUTDOWN
[13/Dec/2011:02:45:58 -0800] Server.httpServe: BACKEND STOPPED
[13/Dec/2011:02:46:00 -0800] Server.httpServe: START (EventLoopSimple)
[13/Dec/2011:02:47:15 -0800] Server.httpServe: SHUTDOWN
[13/Dec/2011:02:47:15 -0800] Server.httpServe: BACKEND STOPPED
[13/Dec/2011:02:47:16 -0800] Server.httpServe: START (EventLoopSimple)
[13/Dec/2011:02:50:29 -0800] Server.httpServe: SHUTDOWN
[13/Dec/2011:02:50:29 -0800] Server.httpServe: BACKEND STOPPED
[13/Dec/2011:02:52:43 -0800] Server.httpServe: START (EventLoopSimple)
[13/Dec/2011:02:52:51 -0800] During processing of request from 127.0.0.1:50712
request:
"Request <\n    server-name: localhost\n    remote: 127.0.0.1:50712\n    local: 127.0.0.1:3000\n    Headers:\n      ========================================\n          User-Agent: Mozilla/5.0 (Macintosh; Intel Mac OS X 10_7_2) AppleWebKit/535.2 (KHTML, like Gecko) Chrome/15.0.874.121 Safari/535.2\n Referer: http://localhost:3000/saveprog\n Accept-Charset: ISO-8859-1,utf-8;q=0.7,*;q=0.3\n Accept-Language: en-US,en;q=0.8\n Accept: text/html,application/xhtml+xml,application/xml;q=0.9,*/*;q=0.8\n Host: localhost:3000\n Connection: keep-alive\n Accept-Encoding: gzip,deflate,sdch\n      ========================================\n    content-length: Nothing\n    method: GET\n    version: (1,1)\n    cookies:\n      ========================================\n      \n      ========================================\n    pathinfo: magic\n    contextpath: /\n    snapletpath: \n    URI: /magic\n    params:\n      ========================================\n      \n      ========================================\n>"
A web handler threw an exception. Details:
test.hs:(88,11)-(90,34): Non-exhaustive patterns in case

[13/Dec/2011:02:52:58 -0800] During processing of request from 127.0.0.1:50716
request:
"Request <\n    server-name: localhost\n    remote: 127.0.0.1:50716\n    local: 127.0.0.1:3000\n    Headers:\n      ========================================\n          User-Agent: Mozilla/5.0 (Macintosh; Intel Mac OS X 10_7_2) AppleWebKit/535.2 (KHTML, like Gecko) Chrome/15.0.874.121 Safari/535.2\n Referer: http://localhost:3000/saveprog\n Accept-Charset: ISO-8859-1,utf-8;q=0.7,*;q=0.3\n Accept-Language: en-US,en;q=0.8\n Accept: text/html,application/xhtml+xml,application/xml;q=0.9,*/*;q=0.8\n Host: localhost:3000\n Connection: keep-alive\n Accept-Encoding: gzip,deflate,sdch\n      ========================================\n    content-length: Nothing\n    method: GET\n    version: (1,1)\n    cookies:\n      ========================================\n      \n      ========================================\n    pathinfo: magic\n    contextpath: /\n    snapletpath: \n    URI: /magic\n    params:\n      ========================================\n      \n      ========================================\n>"
A web handler threw an exception. Details:
test.hs:(88,11)-(90,34): Non-exhaustive patterns in case

[13/Dec/2011:02:53:23 -0800] Server.httpServe: SHUTDOWN
[13/Dec/2011:02:53:23 -0800] Server.httpServe: BACKEND STOPPED
[13/Dec/2011:02:53:24 -0800] Server.httpServe: START (EventLoopSimple)
[13/Dec/2011:02:54:51 -0800] Server.httpServe: SHUTDOWN
[13/Dec/2011:02:54:51 -0800] Server.httpServe: BACKEND STOPPED
[13/Dec/2011:02:55:08 -0800] Server.httpServe: START (EventLoopSimple)
[13/Dec/2011:02:55:56 -0800] Server.httpServe: SHUTDOWN
[13/Dec/2011:02:55:56 -0800] Server.httpServe: BACKEND STOPPED
[13/Dec/2011:02:55:58 -0800] Server.httpServe: START (EventLoopSimple)
[13/Dec/2011:02:59:03 -0800] Server.httpServe: SHUTDOWN
[13/Dec/2011:02:59:03 -0800] Server.httpServe: BACKEND STOPPED
[13/Dec/2011:02:59:04 -0800] Server.httpServe: START (EventLoopSimple)
[13/Dec/2011:04:06:35 -0800] Server.httpServe: SHUTDOWN
[13/Dec/2011:04:06:35 -0800] Server.httpServe: BACKEND STOPPED
[13/Dec/2011:20:13:08 -0800] Server.httpServe: START (EventLoopSimple)
[13/Dec/2011:20:21:22 -0800] Server.httpServe: SHUTDOWN
[13/Dec/2011:20:21:22 -0800] Server.httpServe: BACKEND STOPPED
[13/Dec/2011:21:12:00 -0800] Server.httpServe: START (EventLoopSimple)
[13/Dec/2011:21:23:30 -0800] Server.httpServe: SHUTDOWN
[13/Dec/2011:21:23:30 -0800] Server.httpServe: BACKEND STOPPED
[13/Dec/2011:21:23:46 -0800] Server.httpServe: START (EventLoopSimple)
[13/Dec/2011:21:24:28 -0800] Server.httpServe: SHUTDOWN
[13/Dec/2011:21:24:28 -0800] Server.httpServe: BACKEND STOPPED
[13/Dec/2011:21:24:39 -0800] Server.httpServe: START (EventLoopSimple)
[13/Dec/2011:21:24:54 -0800] Server.httpServe: SHUTDOWN
[13/Dec/2011:21:24:54 -0800] Server.httpServe: BACKEND STOPPED
[13/Dec/2011:21:25:09 -0800] Server.httpServe: START (EventLoopSimple)
[13/Dec/2011:21:35:28 -0800] Server.httpServe: SHUTDOWN
[13/Dec/2011:21:35:28 -0800] Server.httpServe: BACKEND STOPPED
[13/Dec/2011:22:42:39 -0800] Server.httpServe: START (EventLoopSimple)
[13/Dec/2011:22:45:26 -0800] Server.httpServe: SHUTDOWN
[13/Dec/2011:22:45:26 -0800] Server.httpServe: BACKEND STOPPED
[13/Dec/2011:22:49:10 -0800] Server.httpServe: START (EventLoopSimple)
[13/Dec/2011:23:06:09 -0800] Server.httpServe: SHUTDOWN
[13/Dec/2011:23:06:09 -0800] Server.httpServe: BACKEND STOPPED
[13/Dec/2011:23:06:11 -0800] Server.httpServe: START (EventLoopSimple)
[13/Dec/2011:23:07:52 -0800] Server.httpServe: SHUTDOWN
[13/Dec/2011:23:07:52 -0800] Server.httpServe: BACKEND STOPPED
[13/Dec/2011:23:08:18 -0800] Server.httpServe: START (EventLoopSimple)
[13/Dec/2011:23:31:36 -0800] Server.httpServe: SHUTDOWN
[13/Dec/2011:23:31:36 -0800] Server.httpServe: BACKEND STOPPED
[13/Dec/2011:23:33:42 -0800] Server.httpServe: START (EventLoopSimple)
[14/Dec/2011:00:15:23 -0800] Server.httpServe: SHUTDOWN
[14/Dec/2011:00:15:23 -0800] Server.httpServe: BACKEND STOPPED
[14/Dec/2011:00:19:45 -0800] Server.httpServe: START (EventLoopSimple)
[14/Dec/2011:01:02:10 -0800] Server.httpServe: SHUTDOWN
[14/Dec/2011:01:02:10 -0800] Server.httpServe: BACKEND STOPPED
[14/Dec/2011:01:02:29 -0800] Server.httpServe: START (EventLoopSimple)
[14/Dec/2011:06:46:39 -0800] Server.httpServe: SHUTDOWN
[14/Dec/2011:06:46:39 -0800] Server.httpServe: BACKEND STOPPED
[14/Dec/2011:06:47:13 -0800] Server.httpServe: START (EventLoopSimple)
[14/Dec/2011:06:49:46 -0800] Server.httpServe: SHUTDOWN
[14/Dec/2011:06:49:46 -0800] Server.httpServe: BACKEND STOPPED
[14/Dec/2011:06:50:12 -0800] Server.httpServe: START (EventLoopSimple)
[14/Dec/2011:06:50:13 -0800] Server.httpServe: SHUTDOWN
[14/Dec/2011:06:50:13 -0800] Server.httpServe: BACKEND STOPPED
[14/Dec/2011:07:12:32 -0800] Server.httpServe: START (EventLoopSimple)
[14/Dec/2011:07:12:34 -0800] Server.httpServe: SHUTDOWN
[14/Dec/2011:07:12:34 -0800] Server.httpServe: BACKEND STOPPED
[14/Dec/2011:07:31:54 -0800] Server.httpServe: START (EventLoopSimple)
[14/Dec/2011:07:31:56 -0800] Server.httpServe: SHUTDOWN
[14/Dec/2011:07:31:56 -0800] Server.httpServe: BACKEND STOPPED
[14/Dec/2011:07:32:01 -0800] Server.httpServe: START (EventLoopSimple)
[14/Dec/2011:07:32:02 -0800] Server.httpServe: SHUTDOWN
[14/Dec/2011:07:32:02 -0800] Server.httpServe: BACKEND STOPPED
[14/Dec/2011:07:32:14 -0800] Server.httpServe: START (EventLoopSimple)
[14/Dec/2011:07:32:15 -0800] Server.httpServe: SHUTDOWN
[14/Dec/2011:07:32:15 -0800] Server.httpServe: BACKEND STOPPED
[14/Dec/2011:08:14:07 -0800] Server.httpServe: START (EventLoopSimple)
[14/Dec/2011:08:14:08 -0800] Server.httpServe: SHUTDOWN
[14/Dec/2011:08:14:08 -0800] Server.httpServe: BACKEND STOPPED
[14/Dec/2011:08:35:49 -0800] Server.httpServe: START (EventLoopSimple)
[14/Dec/2011:08:36:50 -0800] Server.httpServe: START (EventLoopSimple)
[14/Dec/2011:08:47:30 -0800] Server.httpServe: START (EventLoopSimple)
[14/Dec/2011:08:50:18 -0800] Server.httpServe: START (EventLoopSimple)
[14/Dec/2011:08:50:42 -0800] Server.httpServe: START (EventLoopSimple)
[14/Dec/2011:08:54:10 -0800] Server.httpServe: START (EventLoopSimple)
[14/Dec/2011:08:56:06 -0800] Server.httpServe: START (EventLoopSimple)
[14/Dec/2011:08:57:34 -0800] Server.httpServe: START (EventLoopSimple)
[14/Dec/2011:09:01:11 -0800] Server.httpServe: START (EventLoopSimple)
[14/Dec/2011:09:02:18 -0800] Server.httpServe: SHUTDOWN
[14/Dec/2011:09:02:18 -0800] Server.httpServe: BACKEND STOPPED
[14/Dec/2011:09:04:32 -0800] Server.httpServe: START (EventLoopSimple)
[14/Dec/2011:09:08:52 -0800] Server.httpServe: SHUTDOWN
[14/Dec/2011:09:08:52 -0800] Server.httpServe: BACKEND STOPPED
[14/Dec/2011:09:11:33 -0800] Server.httpServe: START (EventLoopSimple)
[14/Dec/2011:09:12:19 -0800] Server.httpServe: SHUTDOWN
[14/Dec/2011:09:12:19 -0800] Server.httpServe: BACKEND STOPPED
[14/Dec/2011:09:12:20 -0800] Server.httpServe: START (EventLoopSimple)
[14/Dec/2011:09:12:23 -0800] Server.httpServe: SHUTDOWN
[14/Dec/2011:09:12:23 -0800] Server.httpServe: BACKEND STOPPED
[14/Dec/2011:09:13:07 -0800] Server.httpServe: START (EventLoopSimple)
[14/Dec/2011:09:13:22 -0800] Server.httpServe: START (EventLoopSimple)
[14/Dec/2011:09:18:58 -0800] Server.httpServe: SHUTDOWN
[14/Dec/2011:09:18:58 -0800] Server.httpServe: BACKEND STOPPED
[14/Dec/2011:09:18:59 -0800] Server.httpServe: START (EventLoopSimple)
[14/Dec/2011:09:21:52 -0800] Server.httpServe: START (EventLoopSimple)
[14/Dec/2011:09:28:27 -0800] Server.httpServe: START (EventLoopSimple)
[14/Dec/2011:09:28:43 -0800] Server.httpServe: START (EventLoopSimple)
[14/Dec/2011:09:28:43 -0800] Server.httpServe: SHUTDOWN
[14/Dec/2011:09:28:43 -0800] Server.httpServe: BACKEND STOPPED
[14/Dec/2011:09:51:11 -0800] Server.httpServe: START (EventLoopSimple)
[14/Dec/2011:09:53:46 -0800] Server.httpServe: SHUTDOWN
[14/Dec/2011:09:53:46 -0800] Server.httpServe: BACKEND STOPPED
[14/Dec/2011:09:54:04 -0800] Server.httpServe: START (EventLoopSimple)
[14/Dec/2011:09:56:06 -0800] Server.httpServe: SHUTDOWN
[14/Dec/2011:09:56:06 -0800] Server.httpServe: BACKEND STOPPED
[14/Dec/2011:09:56:07 -0800] Server.httpServe: START (EventLoopSimple)
[14/Dec/2011:09:59:00 -0800] Server.httpServe: SHUTDOWN
[14/Dec/2011:09:59:00 -0800] Server.httpServe: BACKEND STOPPED
[14/Dec/2011:09:59:32 -0800] Server.httpServe: START (EventLoopSimple)
[14/Dec/2011:10:00:44 -0800] Server.httpServe: SHUTDOWN
[14/Dec/2011:10:00:44 -0800] Server.httpServe: BACKEND STOPPED
[14/Dec/2011:10:01:12 -0800] Server.httpServe: START (EventLoopSimple)
[14/Dec/2011:10:03:15 -0800] Server.httpServe: SHUTDOWN
[14/Dec/2011:10:03:15 -0800] Server.httpServe: BACKEND STOPPED
[14/Dec/2011:10:04:03 -0800] Server.httpServe: START (EventLoopSimple)
[14/Dec/2011:10:09:01 -0800] Server.httpServe: SHUTDOWN
[14/Dec/2011:10:09:01 -0800] Server.httpServe: BACKEND STOPPED
[14/Dec/2011:10:09:04 -0800] Server.httpServe: START (EventLoopSimple)
[14/Dec/2011:10:09:23 -0800] Server.httpServe: SHUTDOWN
[14/Dec/2011:10:09:23 -0800] Server.httpServe: BACKEND STOPPED
[14/Dec/2011:10:09:25 -0800] Server.httpServe: START (EventLoopSimple)
[14/Dec/2011:10:13:07 -0800] Server.httpServe: SHUTDOWN
[14/Dec/2011:10:13:07 -0800] Server.httpServe: BACKEND STOPPED
[14/Dec/2011:10:17:52 -0800] Server.httpServe: START (EventLoopSimple)
[14/Dec/2011:10:17:55 -0800] During processing of request from 127.0.0.1:57516
request:
"Request <\n    server-name: localhost\n    remote: 127.0.0.1:57516\n    local: 127.0.0.1:3000\n    Headers:\n      ========================================\n          User-Agent: Mozilla/5.0 (Macintosh; Intel Mac OS X 10_7_2) AppleWebKit/535.2 (KHTML, like Gecko) Chrome/15.0.874.121 Safari/535.2\n Accept-Charset: ISO-8859-1,utf-8;q=0.7,*;q=0.3\n Accept-Language: en-US,en;q=0.8\n Accept: text/html,application/xhtml+xml,application/xml;q=0.9,*/*;q=0.8\n Host: localhost:3000\n Cache-Control: max-age=0\n Connection: keep-alive\n Accept-Encoding: gzip,deflate,sdch\n      ========================================\n    content-length: Nothing\n    method: GET\n    version: (1,1)\n    cookies:\n      ========================================\n      \n      ========================================\n    pathinfo: magic\n    contextpath: /\n    snapletpath: \n    URI: /magic\n    params:\n      ========================================\n      \n      ========================================\n>"
A web handler threw an exception. Details:
src/SafeBase/Framework.hs:195:18-123: Missing field in record construction SafeBase.Framework.middlewares

[14/Dec/2011:10:20:35 -0800] Server.httpServe: SHUTDOWN
[14/Dec/2011:10:20:35 -0800] Server.httpServe: BACKEND STOPPED
[14/Dec/2011:10:20:58 -0800] Server.httpServe: START (EventLoopSimple)
[14/Dec/2011:10:22:15 -0800] Server.httpServe: SHUTDOWN
[14/Dec/2011:10:22:15 -0800] Server.httpServe: BACKEND STOPPED
[14/Dec/2011:10:22:16 -0800] Server.httpServe: START (EventLoopSimple)
[14/Dec/2011:10:23:29 -0800] Server.httpServe: SHUTDOWN
[14/Dec/2011:10:23:29 -0800] Server.httpServe: BACKEND STOPPED
[14/Dec/2011:10:23:31 -0800] Server.httpServe: START (EventLoopSimple)
[14/Dec/2011:10:37:17 -0800] Server.httpServe: SHUTDOWN
[14/Dec/2011:10:37:17 -0800] Server.httpServe: BACKEND STOPPED
[14/Dec/2011:10:40:21 -0800] Server.httpServe: START (EventLoopSimple)
[14/Dec/2011:21:59:31 -0800] Server.httpServe: SHUTDOWN
[14/Dec/2011:21:59:31 -0800] Server.httpServe: BACKEND STOPPED
[14/Dec/2011:22:01:54 -0800] Server.httpServe: START (EventLoopSimple)
[14/Dec/2011:22:05:21 -0800] Server.httpServe: SHUTDOWN
[14/Dec/2011:22:05:21 -0800] Server.httpServe: BACKEND STOPPED
[14/Dec/2011:22:05:22 -0800] Server.httpServe: START (EventLoopSimple)
[14/Dec/2011:22:23:29 -0800] Server.httpServe: SHUTDOWN
[14/Dec/2011:22:23:29 -0800] Server.httpServe: BACKEND STOPPED
[14/Dec/2011:22:27:10 -0800] Server.httpServe: START (EventLoopSimple)
[14/Dec/2011:22:33:04 -0800] Server.httpServe: SHUTDOWN
[14/Dec/2011:22:33:04 -0800] Server.httpServe: BACKEND STOPPED
[14/Dec/2011:22:36:23 -0800] Server.httpServe: START (EventLoopSimple)
[14/Dec/2011:22:39:14 -0800] Server.httpServe: SHUTDOWN
[14/Dec/2011:22:39:14 -0800] Server.httpServe: BACKEND STOPPED
[14/Dec/2011:22:39:15 -0800] Server.httpServe: START (EventLoopSimple)
[14/Dec/2011:22:44:46 -0800] Server.httpServe: SHUTDOWN
[14/Dec/2011:22:44:46 -0800] Server.httpServe: BACKEND STOPPED
[14/Dec/2011:22:44:48 -0800] Server.httpServe: START (EventLoopSimple)
[14/Dec/2011:22:45:10 -0800] Server.httpServe: SHUTDOWN
[14/Dec/2011:22:45:10 -0800] Server.httpServe: BACKEND STOPPED
[14/Dec/2011:22:45:12 -0800] Server.httpServe: START (EventLoopSimple)
[14/Dec/2011:23:11:24 -0800] Server.httpServe: SHUTDOWN
[14/Dec/2011:23:11:24 -0800] Server.httpServe: BACKEND STOPPED
[14/Dec/2011:23:12:13 -0800] Server.httpServe: START (EventLoopSimple)
[14/Dec/2011:23:22:33 -0800] Server.httpServe: SHUTDOWN
[14/Dec/2011:23:22:33 -0800] Server.httpServe: BACKEND STOPPED
[14/Dec/2011:23:23:54 -0800] Server.httpServe: START (EventLoopSimple)
[14/Dec/2011:23:25:17 -0800] Server.httpServe: SHUTDOWN
[14/Dec/2011:23:25:17 -0800] Server.httpServe: BACKEND STOPPED
[14/Dec/2011:23:27:02 -0800] Server.httpServe: START (EventLoopSimple)
[14/Dec/2011:23:28:23 -0800] Server.httpServe: SHUTDOWN
[14/Dec/2011:23:28:23 -0800] Server.httpServe: BACKEND STOPPED
[14/Dec/2011:23:28:47 -0800] Server.httpServe: START (EventLoopSimple)
[14/Dec/2011:23:29:38 -0800] Server.httpServe: SHUTDOWN
[14/Dec/2011:23:29:38 -0800] Server.httpServe: BACKEND STOPPED
[14/Dec/2011:23:30:20 -0800] Server.httpServe: START (EventLoopSimple)
[15/Dec/2011:00:14:00 -0800] Server.httpServe: SHUTDOWN
[15/Dec/2011:00:14:00 -0800] Server.httpServe: BACKEND STOPPED
[15/Dec/2011:00:16:57 -0800] Server.httpServe: START (EventLoopSimple)
[15/Dec/2011:00:16:58 -0800] Server.httpServe: SHUTDOWN
[15/Dec/2011:00:16:58 -0800] Server.httpServe: BACKEND STOPPED
[15/Dec/2011:00:42:02 -0800] Server.httpServe: START (EventLoopSimple)
[15/Dec/2011:00:53:00 -0800] Server.httpServe: SHUTDOWN
[15/Dec/2011:00:53:00 -0800] Server.httpServe: BACKEND STOPPED
[15/Dec/2011:00:58:33 -0800] Server.httpServe: START (EventLoopSimple)
[15/Dec/2011:01:09:50 -0800] Server.httpServe: SHUTDOWN
[15/Dec/2011:01:09:50 -0800] Server.httpServe: BACKEND STOPPED
[15/Dec/2011:01:12:04 -0800] Server.httpServe: START (EventLoopSimple)
[15/Dec/2011:01:12:20 -0800] Server.httpServe: SHUTDOWN
[15/Dec/2011:01:12:20 -0800] Server.httpServe: BACKEND STOPPED
[15/Dec/2011:01:38:04 -0800] Server.httpServe: START (EventLoopSimple)
[15/Dec/2011:01:40:20 -0800] Server.httpServe: SHUTDOWN
[15/Dec/2011:01:40:20 -0800] Server.httpServe: BACKEND STOPPED
[15/Dec/2011:01:40:22 -0800] Server.httpServe: START (EventLoopSimple)
[15/Dec/2011:01:42:24 -0800] Server.httpServe: SHUTDOWN
[15/Dec/2011:01:42:24 -0800] Server.httpServe: BACKEND STOPPED
[15/Dec/2011:01:42:26 -0800] Server.httpServe: START (EventLoopSimple)
[15/Dec/2011:01:59:43 -0800] Server.httpServe: SHUTDOWN
[15/Dec/2011:01:59:43 -0800] Server.httpServe: BACKEND STOPPED
[15/Dec/2011:02:05:30 -0800] Server.httpServe: START (EventLoopSimple)
[15/Dec/2011:02:07:14 -0800] Server.httpServe: SHUTDOWN
[15/Dec/2011:02:07:14 -0800] Server.httpServe: BACKEND STOPPED
[15/Dec/2011:02:07:16 -0800] Server.httpServe: START (EventLoopSimple)
[15/Dec/2011:02:10:54 -0800] Server.httpServe: SHUTDOWN
[15/Dec/2011:02:10:54 -0800] Server.httpServe: BACKEND STOPPED
[15/Dec/2011:02:13:26 -0800] Server.httpServe: START (EventLoopSimple)
[15/Dec/2011:02:17:48 -0800] Server.httpServe: SHUTDOWN
[15/Dec/2011:02:17:48 -0800] Server.httpServe: BACKEND STOPPED
[15/Dec/2011:02:17:50 -0800] Server.httpServe: START (EventLoopSimple)
[15/Dec/2011:02:18:32 -0800] Server.httpServe: SHUTDOWN
[15/Dec/2011:02:18:32 -0800] Server.httpServe: BACKEND STOPPED
[15/Dec/2011:02:18:47 -0800] Server.httpServe: START (EventLoopSimple)
[15/Dec/2011:02:20:27 -0800] Server.httpServe: SHUTDOWN
[15/Dec/2011:02:20:27 -0800] Server.httpServe: BACKEND STOPPED
[15/Dec/2011:02:20:28 -0800] Server.httpServe: START (EventLoopSimple)
[15/Dec/2011:02:21:04 -0800] Server.httpServe: SHUTDOWN
[15/Dec/2011:02:21:04 -0800] Server.httpServe: BACKEND STOPPED
[15/Dec/2011:02:21:06 -0800] Server.httpServe: START (EventLoopSimple)
[15/Dec/2011:02:22:42 -0800] Server.httpServe: SHUTDOWN
[15/Dec/2011:02:22:42 -0800] Server.httpServe: BACKEND STOPPED
[15/Dec/2011:02:22:44 -0800] Server.httpServe: START (EventLoopSimple)
[15/Dec/2011:02:24:04 -0800] Server.httpServe: SHUTDOWN
[15/Dec/2011:02:24:04 -0800] Server.httpServe: BACKEND STOPPED
[15/Dec/2011:02:24:06 -0800] Server.httpServe: START (EventLoopSimple)
[15/Dec/2011:02:24:26 -0800] Server.httpServe: SHUTDOWN
[15/Dec/2011:02:24:26 -0800] Server.httpServe: BACKEND STOPPED
[15/Dec/2011:02:24:28 -0800] Server.httpServe: START (EventLoopSimple)
[15/Dec/2011:02:26:32 -0800] Server.httpServe: SHUTDOWN
[15/Dec/2011:02:26:32 -0800] Server.httpServe: BACKEND STOPPED
[15/Dec/2011:02:26:34 -0800] Server.httpServe: START (EventLoopSimple)
[15/Dec/2011:02:29:37 -0800] Server.httpServe: SHUTDOWN
[15/Dec/2011:02:29:37 -0800] Server.httpServe: BACKEND STOPPED
[15/Dec/2011:02:30:36 -0800] Server.httpServe: START (EventLoopSimple)
[15/Dec/2011:02:33:51 -0800] Server.httpServe: SHUTDOWN
[15/Dec/2011:02:33:51 -0800] Server.httpServe: BACKEND STOPPED
[15/Dec/2011:02:33:52 -0800] Server.httpServe: START (EventLoopSimple)
[15/Dec/2011:02:34:33 -0800] Server.httpServe: SHUTDOWN
[15/Dec/2011:02:34:33 -0800] Server.httpServe: BACKEND STOPPED
[15/Dec/2011:02:34:52 -0800] Server.httpServe: START (EventLoopSimple)
[15/Dec/2011:02:35:36 -0800] Server.httpServe: SHUTDOWN
[15/Dec/2011:02:35:36 -0800] Server.httpServe: BACKEND STOPPED
[15/Dec/2011:02:35:38 -0800] Server.httpServe: START (EventLoopSimple)
[15/Dec/2011:02:35:42 -0800] Server.httpServe: SHUTDOWN
[15/Dec/2011:02:35:42 -0800] Server.httpServe: BACKEND STOPPED
[15/Dec/2011:02:36:01 -0800] Server.httpServe: START (EventLoopSimple)
[15/Dec/2011:02:36:16 -0800] Server.httpServe: SHUTDOWN
[15/Dec/2011:02:36:16 -0800] Server.httpServe: BACKEND STOPPED
[15/Dec/2011:02:36:18 -0800] Server.httpServe: START (EventLoopSimple)
[15/Dec/2011:02:36:33 -0800] Server.httpServe: SHUTDOWN
[15/Dec/2011:02:36:33 -0800] Server.httpServe: BACKEND STOPPED
[15/Dec/2011:02:36:35 -0800] Server.httpServe: START (EventLoopSimple)
[15/Dec/2011:02:37:31 -0800] Server.httpServe: SHUTDOWN
[15/Dec/2011:02:37:31 -0800] Server.httpServe: BACKEND STOPPED
[15/Dec/2011:02:37:33 -0800] Server.httpServe: START (EventLoopSimple)
[15/Dec/2011:02:38:43 -0800] Server.httpServe: SHUTDOWN
[15/Dec/2011:02:38:43 -0800] Server.httpServe: BACKEND STOPPED
[15/Dec/2011:02:38:45 -0800] Server.httpServe: START (EventLoopSimple)
[15/Dec/2011:02:41:49 -0800] Server.httpServe: SHUTDOWN
[15/Dec/2011:02:41:49 -0800] Server.httpServe: BACKEND STOPPED
[15/Dec/2011:02:42:47 -0800] Server.httpServe: START (EventLoopSimple)
[15/Dec/2011:02:45:51 -0800] Server.httpServe: SHUTDOWN
[15/Dec/2011:02:45:51 -0800] Server.httpServe: BACKEND STOPPED
[15/Dec/2011:02:46:29 -0800] Server.httpServe: START (EventLoopSimple)
[15/Dec/2011:02:46:31 -0800] Server.httpServe: SHUTDOWN
[15/Dec/2011:02:46:31 -0800] Server.httpServe: BACKEND STOPPED
[15/Dec/2011:02:49:26 -0800] Server.httpServe: START (EventLoopSimple)
[15/Dec/2011:02:49:42 -0800] Server.httpServe: SHUTDOWN
[15/Dec/2011:02:49:42 -0800] Server.httpServe: BACKEND STOPPED
[15/Dec/2011:02:49:44 -0800] Server.httpServe: START (EventLoopSimple)
[15/Dec/2011:02:52:40 -0800] Server.httpServe: SHUTDOWN
[15/Dec/2011:02:52:40 -0800] Server.httpServe: BACKEND STOPPED
[15/Dec/2011:02:52:42 -0800] Server.httpServe: START (EventLoopSimple)
[15/Dec/2011:03:03:16 -0800] Server.httpServe: SHUTDOWN
[15/Dec/2011:03:03:16 -0800] Server.httpServe: BACKEND STOPPED
[15/Dec/2011:03:03:18 -0800] Server.httpServe: START (EventLoopSimple)
[15/Dec/2011:03:04:09 -0800] Server.httpServe: SHUTDOWN
[15/Dec/2011:03:04:09 -0800] Server.httpServe: BACKEND STOPPED
[15/Dec/2011:03:04:11 -0800] Server.httpServe: START (EventLoopSimple)
[15/Dec/2011:03:05:20 -0800] Server.httpServe: SHUTDOWN
[15/Dec/2011:03:05:20 -0800] Server.httpServe: BACKEND STOPPED
[15/Dec/2011:03:05:21 -0800] Server.httpServe: START (EventLoopSimple)
[15/Dec/2011:03:05:30 -0800] Server.httpServe: SHUTDOWN
[15/Dec/2011:03:05:30 -0800] Server.httpServe: BACKEND STOPPED
[15/Dec/2011:03:05:32 -0800] Server.httpServe: START (EventLoopSimple)
[15/Dec/2011:03:16:17 -0800] Server.httpServe: SHUTDOWN
[15/Dec/2011:03:16:17 -0800] Server.httpServe: BACKEND STOPPED
[15/Dec/2011:03:34:32 -0800] Server.httpServe: START (EventLoopSimple)
[15/Dec/2011:03:36:47 -0800] Server.httpServe: SHUTDOWN
[15/Dec/2011:03:36:47 -0800] Server.httpServe: BACKEND STOPPED
[15/Dec/2011:03:36:59 -0800] Server.httpServe: START (EventLoopSimple)
[15/Dec/2011:03:40:58 -0800] Server.httpServe: SHUTDOWN
[15/Dec/2011:03:40:58 -0800] Server.httpServe: BACKEND STOPPED
[15/Dec/2011:03:41:20 -0800] Server.httpServe: START (EventLoopSimple)
[15/Dec/2011:03:43:11 -0800] Server.httpServe: SHUTDOWN
[15/Dec/2011:03:43:11 -0800] Server.httpServe: BACKEND STOPPED
[15/Dec/2011:03:43:13 -0800] Server.httpServe: START (EventLoopSimple)
[15/Dec/2011:03:44:24 -0800] Server.httpServe: SHUTDOWN
[15/Dec/2011:03:44:24 -0800] Server.httpServe: BACKEND STOPPED
[15/Dec/2011:03:44:26 -0800] Server.httpServe: START (EventLoopSimple)
[15/Dec/2011:03:45:12 -0800] Server.httpServe: SHUTDOWN
[15/Dec/2011:03:45:12 -0800] Server.httpServe: BACKEND STOPPED
[15/Dec/2011:03:45:14 -0800] Server.httpServe: START (EventLoopSimple)
[15/Dec/2011:03:45:43 -0800] Server.httpServe: SHUTDOWN
[15/Dec/2011:03:45:43 -0800] Server.httpServe: BACKEND STOPPED
[15/Dec/2011:03:45:44 -0800] Server.httpServe: START (EventLoopSimple)
[15/Dec/2011:03:47:12 -0800] Server.httpServe: SHUTDOWN
[15/Dec/2011:03:47:12 -0800] Server.httpServe: BACKEND STOPPED
[15/Dec/2011:03:52:51 -0800] Server.httpServe: START (EventLoopSimple)
[15/Dec/2011:04:13:48 -0800] Server.httpServe: SHUTDOWN
[15/Dec/2011:04:13:48 -0800] Server.httpServe: BACKEND STOPPED
[15/Dec/2011:04:14:05 -0800] Server.httpServe: START (EventLoopSimple)
[15/Dec/2011:04:33:08 -0800] Server.httpServe: SHUTDOWN
[15/Dec/2011:04:33:08 -0800] Server.httpServe: BACKEND STOPPED
[15/Dec/2011:04:40:11 -0800] Server.httpServe: START (EventLoopSimple)
[15/Dec/2011:04:49:44 -0800] Server.httpServe: SHUTDOWN
[15/Dec/2011:04:49:44 -0800] Server.httpServe: BACKEND STOPPED
[15/Dec/2011:04:49:46 -0800] Server.httpServe: START (EventLoopSimple)
[15/Dec/2011:04:50:10 -0800] Server.httpServe: SHUTDOWN
[15/Dec/2011:04:50:10 -0800] Server.httpServe: BACKEND STOPPED
[15/Dec/2011:04:50:12 -0800] Server.httpServe: START (EventLoopSimple)
[15/Dec/2011:04:50:46 -0800] Server.httpServe: SHUTDOWN
[15/Dec/2011:04:50:46 -0800] Server.httpServe: BACKEND STOPPED
[15/Dec/2011:04:50:48 -0800] Server.httpServe: START (EventLoopSimple)
[15/Dec/2011:04:52:31 -0800] Server.httpServe: SHUTDOWN
[15/Dec/2011:04:52:31 -0800] Server.httpServe: BACKEND STOPPED
[15/Dec/2011:04:52:33 -0800] Server.httpServe: START (EventLoopSimple)
[15/Dec/2011:04:55:01 -0800] Server.httpServe: SHUTDOWN
[15/Dec/2011:04:55:01 -0800] Server.httpServe: BACKEND STOPPED
[15/Dec/2011:04:55:03 -0800] Server.httpServe: START (EventLoopSimple)
[15/Dec/2011:05:47:36 -0800] Server.httpServe: SHUTDOWN
[15/Dec/2011:05:47:36 -0800] Server.httpServe: BACKEND STOPPED
[15/Dec/2011:05:50:45 -0800] Server.httpServe: START (EventLoopSimple)
[15/Dec/2011:05:52:13 -0800] Server.httpServe: SHUTDOWN
[15/Dec/2011:05:52:13 -0800] Server.httpServe: BACKEND STOPPED
[15/Dec/2011:05:52:42 -0800] Server.httpServe: START (EventLoopSimple)
[15/Dec/2011:05:54:10 -0800] Server.httpServe: SHUTDOWN
[15/Dec/2011:05:54:10 -0800] Server.httpServe: BACKEND STOPPED
[15/Dec/2011:05:54:31 -0800] Server.httpServe: START (EventLoopSimple)
[15/Dec/2011:06:10:23 -0800] Server.httpServe: SHUTDOWN
[15/Dec/2011:06:10:23 -0800] Server.httpServe: BACKEND STOPPED
[15/Dec/2011:06:13:06 -0800] Server.httpServe: START (EventLoopSimple)
[15/Dec/2011:06:17:38 -0800] During processing of request from 127.0.0.1:62699
request:
"Request <\n    server-name: localhost\n    remote: 127.0.0.1:62699\n    local: 127.0.0.1:3000\n    Headers:\n      ========================================\n          User-Agent: Mozilla/5.0 (Macintosh; Intel Mac OS X 10_7_2) AppleWebKit/535.7 (KHTML, like Gecko) Chrome/16.0.912.63 Safari/535.7\n Accept-Charset: ISO-8859-1,utf-8;q=0.7,*;q=0.3\n Accept-Language: en-US,en;q=0.8\n Accept: text/html,application/xhtml+xml,application/xml;q=0.9,*/*;q=0.8\n Host: localhost:3000\n Connection: keep-alive\n Accept-Encoding: gzip,deflate,sdch\n      ========================================\n    content-length: Nothing\n    method: GET\n    version: (1,1)\n    cookies:\n      ========================================\n      \n      ========================================\n    pathinfo: run/Newsite/test\n    contextpath: /\n    snapletpath: \n    URI: /run/Newsite/test\n    params:\n      ========================================\n      \n      ========================================\n>"
A web handler threw an exception. Details:
/Users/jhiesey/Stanford/CS/cs240h/final/miku/plugins/Newsite/riotest.txt: openFile: does not exist (No such file or directory)
[15/Dec/2011:06:18:40 -0800] During processing of request from 127.0.0.1:62704
request:
"Request <\n    server-name: localhost\n    remote: 127.0.0.1:62704\n    local: 127.0.0.1:3000\n    Headers:\n      ========================================\n          User-Agent: Mozilla/5.0 (Macintosh; Intel Mac OS X 10_7_2) AppleWebKit/535.7 (KHTML, like Gecko) Chrome/16.0.912.63 Safari/535.7\n Accept-Charset: ISO-8859-1,utf-8;q=0.7,*;q=0.3\n Accept-Language: en-US,en;q=0.8\n Accept: text/html,application/xhtml+xml,application/xml;q=0.9,*/*;q=0.8\n Host: localhost:3000\n Cache-Control: max-age=0\n Connection: keep-alive\n Accept-Encoding: gzip,deflate,sdch\n      ========================================\n    content-length: Nothing\n    method: GET\n    version: (1,1)\n    cookies:\n      ========================================\n      \n      ========================================\n    pathinfo: run/Newsite/test\n    contextpath: /\n    snapletpath: \n    URI: /run/Newsite/test\n    params:\n      ========================================\n      \n      ========================================\n>"
A web handler threw an exception. Details:
/Users/jhiesey/Stanford/CS/cs240h/final/miku/plugins/Newsite/riotest.txt: openFile: does not exist (No such file or directory)
[15/Dec/2011:06:20:08 -0800] Server.httpServe: SHUTDOWN
[15/Dec/2011:06:20:08 -0800] Server.httpServe: BACKEND STOPPED
[15/Dec/2011:06:20:09 -0800] Server.httpServe: START (EventLoopSimple)
[15/Dec/2011:06:21:07 -0800] Server.httpServe: SHUTDOWN
[15/Dec/2011:06:21:07 -0800] Server.httpServe: BACKEND STOPPED
[15/Dec/2011:06:21:08 -0800] Server.httpServe: START (EventLoopSimple)
[15/Dec/2011:06:27:18 -0800] Server.httpServe: SHUTDOWN
[15/Dec/2011:06:27:18 -0800] Server.httpServe: BACKEND STOPPED
[15/Dec/2011:06:27:59 -0800] Server.httpServe: START (EventLoopSimple)
[15/Dec/2011:06:40:40 -0800] Server.httpServe: SHUTDOWN
[15/Dec/2011:06:40:40 -0800] Server.httpServe: BACKEND STOPPED
[15/Dec/2011:06:43:34 -0800] Server.httpServe: START (EventLoopSimple)
[15/Dec/2011:06:43:56 -0800] During processing of request from 127.0.0.1:62767
request:
"Request <\n    server-name: localhost\n    remote: 127.0.0.1:62767\n    local: 127.0.0.1:3000\n    Headers:\n      ========================================\n          User-Agent: Mozilla/5.0 (Macintosh; Intel Mac OS X 10_7_2) AppleWebKit/535.7 (KHTML, like Gecko) Chrome/16.0.912.63 Safari/535.7\n Referer: http://localhost:3000/edit/Newsite\n Accept-Charset: ISO-8859-1,utf-8;q=0.7,*;q=0.3\n Accept-Language: en-US,en;q=0.8\n Origin: http://localhost:3000\n Content-Type: multipart/form-data; boundary=----WebKitFormBoundarynkJcMOd7eeFuvKx5\n Accept: text/html,application/xhtml+xml,application/xml;q=0.9,*/*;q=0.8\n Host: localhost:3000\n Content-Length: 2476\n Cache-Control: max-age=0\n Connection: keep-alive\n Accept-Encoding: gzip,deflate,sdch\n      ========================================\n    content-length: Just 2476\n    method: POST\n    version: (1,1)\n    cookies:\n      ========================================\n      \n      ========================================\n    pathinfo: upload/Newsite\n    contextpath: /\n    snapletpath: \n    URI: /upload/Newsite\n    params:\n      ========================================\n      \n      ========================================\n>"
A web handler threw an exception. Details:
Short write
[15/Dec/2011:06:44:23 -0800] Server.httpServe: SHUTDOWN
[15/Dec/2011:06:44:23 -0800] Server.httpServe: BACKEND STOPPED
[15/Dec/2011:06:44:25 -0800] Server.httpServe: START (EventLoopSimple)
[15/Dec/2011:06:44:34 -0800] During processing of request from 127.0.0.1:62772
request:
"Request <\n    server-name: localhost\n    remote: 127.0.0.1:62772\n    local: 127.0.0.1:3000\n    Headers:\n      ========================================\n          User-Agent: Mozilla/5.0 (Macintosh; Intel Mac OS X 10_7_2) AppleWebKit/535.7 (KHTML, like Gecko) Chrome/16.0.912.63 Safari/535.7\n Referer: http://localhost:3000/edit/Newsite\n Accept-Charset: ISO-8859-1,utf-8;q=0.7,*;q=0.3\n Accept-Language: en-US,en;q=0.8\n Origin: http://localhost:3000\n Content-Type: multipart/form-data; boundary=----WebKitFormBoundaryLauW3T4ATLHk7FnP\n Accept: text/html,application/xhtml+xml,application/xml;q=0.9,*/*;q=0.8\n Host: localhost:3000\n Content-Length: 2476\n Cache-Control: max-age=0\n Connection: keep-alive\n Accept-Encoding: gzip,deflate,sdch\n      ========================================\n    content-length: Just 2476\n    method: POST\n    version: (1,1)\n    cookies:\n      ========================================\n      \n      ========================================\n    pathinfo: upload/Newsite\n    contextpath: /\n    snapletpath: \n    URI: /upload/Newsite\n    params:\n      ========================================\n      \n      ========================================\n>"
A web handler threw an exception. Details:
Short write
[15/Dec/2011:06:44:57 -0800] Server.httpServe: SHUTDOWN
[15/Dec/2011:06:44:57 -0800] Server.httpServe: BACKEND STOPPED
[15/Dec/2011:06:44:59 -0800] Server.httpServe: START (EventLoopSimple)
[15/Dec/2011:06:45:05 -0800] During processing of request from 127.0.0.1:62776
request:
"Request <\n    server-name: localhost\n    remote: 127.0.0.1:62776\n    local: 127.0.0.1:3000\n    Headers:\n      ========================================\n          User-Agent: Mozilla/5.0 (Macintosh; Intel Mac OS X 10_7_2) AppleWebKit/535.7 (KHTML, like Gecko) Chrome/16.0.912.63 Safari/535.7\n Referer: http://localhost:3000/edit/Newsite\n Accept-Charset: ISO-8859-1,utf-8;q=0.7,*;q=0.3\n Accept-Language: en-US,en;q=0.8\n Origin: http://localhost:3000\n Content-Type: multipart/form-data; boundary=----WebKitFormBoundaryF8GD1t4Ac1tA5D32\n Accept: text/html,application/xhtml+xml,application/xml;q=0.9,*/*;q=0.8\n Host: localhost:3000\n Content-Length: 2476\n Cache-Control: max-age=0\n Connection: keep-alive\n Accept-Encoding: gzip,deflate,sdch\n      ========================================\n    content-length: Just 2476\n    method: POST\n    version: (1,1)\n    cookies:\n      ========================================\n      \n      ========================================\n    pathinfo: upload/Newsite\n    contextpath: /\n    snapletpath: \n    URI: /upload/Newsite\n    params:\n      ========================================\n      \n      ========================================\n>"
A web handler threw an exception. Details:
Short write
[15/Dec/2011:06:45:34 -0800] Server.httpServe: SHUTDOWN
[15/Dec/2011:06:45:34 -0800] Server.httpServe: BACKEND STOPPED
[15/Dec/2011:06:45:35 -0800] Server.httpServe: START (EventLoopSimple)
[15/Dec/2011:06:45:43 -0800] During processing of request from 127.0.0.1:62779
request:
"Request <\n    server-name: localhost\n    remote: 127.0.0.1:62779\n    local: 127.0.0.1:3000\n    Headers:\n      ========================================\n          User-Agent: Mozilla/5.0 (Macintosh; Intel Mac OS X 10_7_2) AppleWebKit/535.7 (KHTML, like Gecko) Chrome/16.0.912.63 Safari/535.7\n Referer: http://localhost:3000/edit/Newsite\n Accept-Charset: ISO-8859-1,utf-8;q=0.7,*;q=0.3\n Accept-Language: en-US,en;q=0.8\n Origin: http://localhost:3000\n Content-Type: multipart/form-data; boundary=----WebKitFormBoundary4DO8ax3vuEfSTzjH\n Accept: text/html,application/xhtml+xml,application/xml;q=0.9,*/*;q=0.8\n Host: localhost:3000\n Content-Length: 2476\n Cache-Control: max-age=0\n Connection: keep-alive\n Accept-Encoding: gzip,deflate,sdch\n      ========================================\n    content-length: Just 2476\n    method: POST\n    version: (1,1)\n    cookies:\n      ========================================\n      \n      ========================================\n    pathinfo: upload/Newsite\n    contextpath: /\n    snapletpath: \n    URI: /upload/Newsite\n    params:\n      ========================================\n      \n      ========================================\n>"
A web handler threw an exception. Details:
Short write
[15/Dec/2011:06:46:20 -0800] Server.httpServe: SHUTDOWN
[15/Dec/2011:06:46:20 -0800] Server.httpServe: BACKEND STOPPED
[15/Dec/2011:06:46:22 -0800] Server.httpServe: START (EventLoopSimple)
[15/Dec/2011:06:46:33 -0800] During processing of request from 127.0.0.1:62782
request:
"Request <\n    server-name: localhost\n    remote: 127.0.0.1:62782\n    local: 127.0.0.1:3000\n    Headers:\n      ========================================\n          User-Agent: Mozilla/5.0 (Macintosh; Intel Mac OS X 10_7_2) AppleWebKit/535.7 (KHTML, like Gecko) Chrome/16.0.912.63 Safari/535.7\n Referer: http://localhost:3000/edit/Newsite\n Accept-Charset: ISO-8859-1,utf-8;q=0.7,*;q=0.3\n Accept-Language: en-US,en;q=0.8\n Origin: http://localhost:3000\n Content-Type: multipart/form-data; boundary=----WebKitFormBoundaryj4vExGZjATAqJAUa\n Accept: text/html,application/xhtml+xml,application/xml;q=0.9,*/*;q=0.8\n Host: localhost:3000\n Content-Length: 2476\n Cache-Control: max-age=0\n Connection: keep-alive\n Accept-Encoding: gzip,deflate,sdch\n      ========================================\n    content-length: Just 2476\n    method: POST\n    version: (1,1)\n    cookies:\n      ========================================\n      \n      ========================================\n    pathinfo: upload/Newsite\n    contextpath: /\n    snapletpath: \n    URI: /upload/Newsite\n    params:\n      ========================================\n      \n      ========================================\n>"
A web handler threw an exception. Details:
Short write
[15/Dec/2011:06:47:10 -0800] During processing of request from 127.0.0.1:62784
request:
"Request <\n    server-name: localhost\n    remote: 127.0.0.1:62784\n    local: 127.0.0.1:3000\n    Headers:\n      ========================================\n          User-Agent: Mozilla/5.0 (Macintosh; Intel Mac OS X 10_7_2) AppleWebKit/535.7 (KHTML, like Gecko) Chrome/16.0.912.63 Safari/535.7\n Referer: http://localhost:3000/edit/Newsite\n Accept-Charset: ISO-8859-1,utf-8;q=0.7,*;q=0.3\n Accept-Language: en-US,en;q=0.8\n Origin: http://localhost:3000\n Content-Type: multipart/form-data; boundary=----WebKitFormBoundaryngRJXYbITSLhWmTS\n Accept: text/html,application/xhtml+xml,application/xml;q=0.9,*/*;q=0.8\n Host: localhost:3000\n Content-Length: 2476\n Cache-Control: max-age=0\n Connection: keep-alive\n Accept-Encoding: gzip,deflate,sdch\n      ========================================\n    content-length: Just 2476\n    method: POST\n    version: (1,1)\n    cookies:\n      ========================================\n      \n      ========================================\n    pathinfo: upload/Newsite\n    contextpath: /\n    snapletpath: \n    URI: /upload/Newsite\n    params:\n      ========================================\n      \n      ========================================\n>"
A web handler threw an exception. Details:
Short write
[15/Dec/2011:06:48:01 -0800] Server.httpServe: SHUTDOWN
[15/Dec/2011:06:48:01 -0800] Server.httpServe: BACKEND STOPPED
[15/Dec/2011:06:48:02 -0800] Server.httpServe: START (EventLoopSimple)
[15/Dec/2011:06:48:10 -0800] During processing of request from 127.0.0.1:62786
request:
"Request <\n    server-name: localhost\n    remote: 127.0.0.1:62786\n    local: 127.0.0.1:3000\n    Headers:\n      ========================================\n          User-Agent: Mozilla/5.0 (Macintosh; Intel Mac OS X 10_7_2) AppleWebKit/535.7 (KHTML, like Gecko) Chrome/16.0.912.63 Safari/535.7\n Referer: http://localhost:3000/edit/Newsite\n Accept-Charset: ISO-8859-1,utf-8;q=0.7,*;q=0.3\n Accept-Language: en-US,en;q=0.8\n Origin: http://localhost:3000\n Content-Type: multipart/form-data; boundary=----WebKitFormBoundarycwTXSwh5RsWqcHu5\n Accept: text/html,application/xhtml+xml,application/xml;q=0.9,*/*;q=0.8\n Host: localhost:3000\n Content-Length: 2476\n Cache-Control: max-age=0\n Connection: keep-alive\n Accept-Encoding: gzip,deflate,sdch\n      ========================================\n    content-length: Just 2476\n    method: POST\n    version: (1,1)\n    cookies:\n      ========================================\n      \n      ========================================\n    pathinfo: upload/Newsite\n    contextpath: /\n    snapletpath: \n    URI: /upload/Newsite\n    params:\n      ========================================\n      \n      ========================================\n>"
A web handler threw an exception. Details:
Short write
[15/Dec/2011:06:49:30 -0800] During processing of request from 127.0.0.1:62788
request:
"Request <\n    server-name: localhost\n    remote: 127.0.0.1:62788\n    local: 127.0.0.1:3000\n    Headers:\n      ========================================\n          User-Agent: Mozilla/5.0 (Macintosh; Intel Mac OS X 10_7_2) AppleWebKit/535.7 (KHTML, like Gecko) Chrome/16.0.912.63 Safari/535.7\n Referer: http://localhost:3000/edit/Newsite\n Accept-Charset: ISO-8859-1,utf-8;q=0.7,*;q=0.3\n Accept-Language: en-US,en;q=0.8\n Origin: http://localhost:3000\n Content-Type: application/x-www-form-urlencoded\n Accept: text/html,application/xhtml+xml,application/xml;q=0.9,*/*;q=0.8\n Host: localhost:3000\n Content-Length: 48\n Cache-Control: max-age=0\n Connection: keep-alive\n Accept-Encoding: gzip,deflate,sdch\n      ========================================\n    content-length: Just 48\n    method: POST\n    version: (1,1)\n    cookies:\n      ========================================\n      \n      ========================================\n    pathinfo: upload/Newsite\n    contextpath: /\n    snapletpath: \n    URI: /upload/Newsite\n    params:\n      ========================================\n      thefile: [\"xbowSensorLog.txt\"]\n thepath: [\"/dest/path\"]\n      ========================================\n>"
A web handler threw an exception. Details:
/dest/path/Newsite: openFile: does not exist (No such file or directory)
[15/Dec/2011:06:50:13 -0800] Server.httpServe: SHUTDOWN
[15/Dec/2011:06:50:13 -0800] Server.httpServe: BACKEND STOPPED
[15/Dec/2011:06:50:14 -0800] Server.httpServe: START (EventLoopSimple)
[15/Dec/2011:06:50:22 -0800] During processing of request from 127.0.0.1:62793
request:
"Request <\n    server-name: localhost\n    remote: 127.0.0.1:62793\n    local: 127.0.0.1:3000\n    Headers:\n      ========================================\n          User-Agent: Mozilla/5.0 (Macintosh; Intel Mac OS X 10_7_2) AppleWebKit/535.7 (KHTML, like Gecko) Chrome/16.0.912.63 Safari/535.7\n Referer: http://localhost:3000/edit/Newsite\n Accept-Charset: ISO-8859-1,utf-8;q=0.7,*;q=0.3\n Accept-Language: en-US,en;q=0.8\n Origin: http://localhost:3000\n Content-Type: application/x-www-form-urlencoded\n Accept: text/html,application/xhtml+xml,application/xml;q=0.9,*/*;q=0.8\n Host: localhost:3000\n Content-Length: 48\n Cache-Control: max-age=0\n Connection: keep-alive\n Accept-Encoding: gzip,deflate,sdch\n      ========================================\n    content-length: Just 48\n    method: POST\n    version: (1,1)\n    cookies:\n      ========================================\n      \n      ========================================\n    pathinfo: upload/Newsite\n    contextpath: /\n    snapletpath: \n    URI: /upload/Newsite\n    params:\n      ========================================\n      thefile: [\"xbowSensorLog.txt\"]\n thepath: [\"/dest/path\"]\n      ========================================\n>"
A web handler threw an exception. Details:
/dest/path/Newsite: openFile: does not exist (No such file or directory)
[15/Dec/2011:06:50:38 -0800] Server.httpServe: SHUTDOWN
[15/Dec/2011:06:50:38 -0800] Server.httpServe: BACKEND STOPPED
[15/Dec/2011:06:50:39 -0800] Server.httpServe: START (EventLoopSimple)
[15/Dec/2011:06:50:46 -0800] During processing of request from 127.0.0.1:62795
request:
"Request <\n    server-name: localhost\n    remote: 127.0.0.1:62795\n    local: 127.0.0.1:3000\n    Headers:\n      ========================================\n          User-Agent: Mozilla/5.0 (Macintosh; Intel Mac OS X 10_7_2) AppleWebKit/535.7 (KHTML, like Gecko) Chrome/16.0.912.63 Safari/535.7\n Referer: http://localhost:3000/edit/Newsite\n Accept-Charset: ISO-8859-1,utf-8;q=0.7,*;q=0.3\n Accept-Language: en-US,en;q=0.8\n Origin: http://localhost:3000\n Content-Type: application/x-www-form-urlencoded\n Accept: text/html,application/xhtml+xml,application/xml;q=0.9,*/*;q=0.8\n Host: localhost:3000\n Content-Length: 48\n Cache-Control: max-age=0\n Connection: keep-alive\n Accept-Encoding: gzip,deflate,sdch\n      ========================================\n    content-length: Just 48\n    method: POST\n    version: (1,1)\n    cookies:\n      ========================================\n      \n      ========================================\n    pathinfo: upload/Newsite\n    contextpath: /\n    snapletpath: \n    URI: /upload/Newsite\n    params:\n      ========================================\n      thefile: [\"xbowSensorLog.txt\"]\n thepath: [\"/dest/path\"]\n      ========================================\n>"
A web handler threw an exception. Details:
/dest/path/Newsite: openFile: does not exist (No such file or directory)
[15/Dec/2011:06:58:20 -0800] Server.httpServe: SHUTDOWN
[15/Dec/2011:06:58:20 -0800] Server.httpServe: BACKEND STOPPED
[15/Dec/2011:06:58:49 -0800] Server.httpServe: START (EventLoopSimple)
[15/Dec/2011:06:59:00 -0800] During processing of request from 127.0.0.1:62816
request:
"Request <\n    server-name: localhost\n    remote: 127.0.0.1:62816\n    local: 127.0.0.1:3000\n    Headers:\n      ========================================\n          User-Agent: Mozilla/5.0 (Macintosh; Intel Mac OS X 10_7_2) AppleWebKit/535.7 (KHTML, like Gecko) Chrome/16.0.912.63 Safari/535.7\n Referer: http://localhost:3000/edit/Newsite\n Accept-Charset: ISO-8859-1,utf-8;q=0.7,*;q=0.3\n Accept-Language: en-US,en;q=0.8\n Origin: http://localhost:3000\n Content-Type: application/x-www-form-urlencoded\n Accept: text/html,application/xhtml+xml,application/xml;q=0.9,*/*;q=0.8\n Host: localhost:3000\n Content-Length: 48\n Cache-Control: max-age=0\n Connection: keep-alive\n Accept-Encoding: gzip,deflate,sdch\n      ========================================\n    content-length: Just 48\n    method: POST\n    version: (1,1)\n    cookies:\n      ========================================\n      \n      ========================================\n    pathinfo: upload/Newsite\n    contextpath: /\n    snapletpath: \n    URI: /upload/Newsite\n    params:\n      ========================================\n      thefile: [\"xbowSensorLog.txt\"]\n thepath: [\"/dest/path\"]\n      ========================================\n>"
A web handler threw an exception. Details:
/Users/jhiesey/Stanford/CS/cs240h/final/miku/plugins/dest/path/Newsite: openFile: does not exist (No such file or directory)
[15/Dec/2011:06:59:48 -0800] Server.httpServe: SHUTDOWN
[15/Dec/2011:06:59:48 -0800] Server.httpServe: BACKEND STOPPED
[15/Dec/2011:06:59:50 -0800] Server.httpServe: START (EventLoopSimple)
[15/Dec/2011:06:59:57 -0800] During processing of request from 127.0.0.1:62819
request:
"Request <\n    server-name: localhost\n    remote: 127.0.0.1:62819\n    local: 127.0.0.1:3000\n    Headers:\n      ========================================\n          User-Agent: Mozilla/5.0 (Macintosh; Intel Mac OS X 10_7_2) AppleWebKit/535.7 (KHTML, like Gecko) Chrome/16.0.912.63 Safari/535.7\n Referer: http://localhost:3000/edit/Newsite\n Accept-Charset: ISO-8859-1,utf-8;q=0.7,*;q=0.3\n Accept-Language: en-US,en;q=0.8\n Origin: http://localhost:3000\n Content-Type: application/x-www-form-urlencoded\n Accept: text/html,application/xhtml+xml,application/xml;q=0.9,*/*;q=0.8\n Host: localhost:3000\n Content-Length: 48\n Cache-Control: max-age=0\n Connection: keep-alive\n Accept-Encoding: gzip,deflate,sdch\n      ========================================\n    content-length: Just 48\n    method: POST\n    version: (1,1)\n    cookies:\n      ========================================\n      \n      ========================================\n    pathinfo: upload/Newsite\n    contextpath: /\n    snapletpath: \n    URI: /upload/Newsite\n    params:\n      ========================================\n      thefile: [\"xbowSensorLog.txt\"]\n thepath: [\"/dest/path\"]\n      ========================================\n>"
A web handler threw an exception. Details:
/Users/jhiesey/Stanford/CS/cs240h/final/miku/plugins/Newsite/dest/path: openFile: does not exist (No such file or directory)
[15/Dec/2011:07:02:16 -0800] Server.httpServe: SHUTDOWN
[15/Dec/2011:07:02:16 -0800] Server.httpServe: BACKEND STOPPED
[15/Dec/2011:07:02:46 -0800] Server.httpServe: START (EventLoopSimple)
[15/Dec/2011:07:02:54 -0800] During processing of request from 127.0.0.1:62822
request:
"Request <\n    server-name: localhost\n    remote: 127.0.0.1:62822\n    local: 127.0.0.1:3000\n    Headers:\n      ========================================\n          User-Agent: Mozilla/5.0 (Macintosh; Intel Mac OS X 10_7_2) AppleWebKit/535.7 (KHTML, like Gecko) Chrome/16.0.912.63 Safari/535.7\n Referer: http://localhost:3000/edit/Newsite\n Accept-Charset: ISO-8859-1,utf-8;q=0.7,*;q=0.3\n Accept-Language: en-US,en;q=0.8\n Origin: http://localhost:3000\n Content-Type: application/x-www-form-urlencoded\n Accept: text/html,application/xhtml+xml,application/xml;q=0.9,*/*;q=0.8\n Host: localhost:3000\n Content-Length: 22\n Cache-Control: max-age=0\n Connection: keep-alive\n Accept-Encoding: gzip,deflate,sdch\n      ========================================\n    content-length: Just 22\n    method: POST\n    version: (1,1)\n    cookies:\n      ========================================\n      \n      ========================================\n    pathinfo: upload/Newsite\n    contextpath: /\n    snapletpath: \n    URI: /upload/Newsite\n    params:\n      ========================================\n      thepath: [\"/dest/path\"]\n      ========================================\n>"
A web handler threw an exception. Details:
Maybe.fromJust: Nothing
[15/Dec/2011:07:05:12 -0800] Server.httpServe: SHUTDOWN
[15/Dec/2011:07:05:12 -0800] Server.httpServe: BACKEND STOPPED
[15/Dec/2011:07:05:27 -0800] Server.httpServe: START (EventLoopSimple)
[15/Dec/2011:07:05:37 -0800] During processing of request from 127.0.0.1:62832
request:
"Request <\n    server-name: localhost\n    remote: 127.0.0.1:62832\n    local: 127.0.0.1:3000\n    Headers:\n      ========================================\n          User-Agent: Mozilla/5.0 (Macintosh; Intel Mac OS X 10_7_2) AppleWebKit/535.7 (KHTML, like Gecko) Chrome/16.0.912.63 Safari/535.7\n Referer: http://localhost:3000/edit/Newsite\n Accept-Charset: ISO-8859-1,utf-8;q=0.7,*;q=0.3\n Accept-Language: en-US,en;q=0.8\n Origin: http://localhost:3000\n Content-Type: multipart/form-data; boundary=----WebKitFormBoundarySTZvr3LOvzxWmjsJ\n Accept: text/html,application/xhtml+xml,application/xml;q=0.9,*/*;q=0.8\n Host: localhost:3000\n Content-Length: 2478\n Cache-Control: max-age=0\n Connection: keep-alive\n Accept-Encoding: gzip,deflate,sdch\n      ========================================\n    content-length: Just 2478\n    method: POST\n    version: (1,1)\n    cookies:\n      ========================================\n      \n      ========================================\n    pathinfo: upload/Newsite\n    contextpath: /\n    snapletpath: \n    URI: /upload/Newsite\n    params:\n      ========================================\n      \n      ========================================\n>"
A web handler threw an exception. Details:
Short write
[15/Dec/2011:08:25:55 -0800] Server.httpServe: SHUTDOWN
[15/Dec/2011:08:25:55 -0800] Server.httpServe: BACKEND STOPPED
[15/Dec/2011:08:29:42 -0800] Server.httpServe: START (EventLoopSimple)
[15/Dec/2011:08:38:00 -0800] Server.httpServe: SHUTDOWN
[15/Dec/2011:08:38:00 -0800] Server.httpServe: BACKEND STOPPED
[15/Dec/2011:08:38:29 -0800] Server.httpServe: START (EventLoopSimple)
[15/Dec/2011:08:38:57 -0800] Server.httpServe: SHUTDOWN
[15/Dec/2011:08:38:57 -0800] Server.httpServe: BACKEND STOPPED
[15/Dec/2011:08:39:01 -0800] Server.httpServe: START (EventLoopSimple)
[15/Dec/2011:08:40:50 -0800] Server.httpServe: SHUTDOWN
[15/Dec/2011:08:40:50 -0800] Server.httpServe: BACKEND STOPPED
[15/Dec/2011:08:40:55 -0800] Server.httpServe: START (EventLoopSimple)
[15/Dec/2011:08:45:59 -0800] Server.httpServe: SHUTDOWN
[15/Dec/2011:08:45:59 -0800] Server.httpServe: BACKEND STOPPED
[15/Dec/2011:08:46:07 -0800] Server.httpServe: START (EventLoopSimple)
[15/Dec/2011:08:46:56 -0800] Server.httpServe: SHUTDOWN
[15/Dec/2011:08:46:56 -0800] Server.httpServe: BACKEND STOPPED
[15/Dec/2011:08:47:00 -0800] Server.httpServe: START (EventLoopSimple)
[15/Dec/2011:08:47:25 -0800] Server.httpServe: SHUTDOWN
[15/Dec/2011:08:47:25 -0800] Server.httpServe: BACKEND STOPPED
[15/Dec/2011:08:47:27 -0800] Server.httpServe: START (EventLoopSimple)
[15/Dec/2011:08:47:41 -0800] Server.httpServe: SHUTDOWN
[15/Dec/2011:08:47:41 -0800] Server.httpServe: BACKEND STOPPED
[15/Dec/2011:08:47:43 -0800] Server.httpServe: START (EventLoopSimple)
[15/Dec/2011:08:49:01 -0800] Server.httpServe: SHUTDOWN
[15/Dec/2011:08:49:01 -0800] Server.httpServe: BACKEND STOPPED
[15/Dec/2011:08:49:06 -0800] Server.httpServe: START (EventLoopSimple)
[15/Dec/2011:08:49:21 -0800] Server.httpServe: SHUTDOWN
[15/Dec/2011:08:49:21 -0800] Server.httpServe: BACKEND STOPPED
[15/Dec/2011:08:49:23 -0800] Server.httpServe: START (EventLoopSimple)
[15/Dec/2011:08:51:15 -0800] Server.httpServe: SHUTDOWN
[15/Dec/2011:08:51:15 -0800] Server.httpServe: BACKEND STOPPED
[15/Dec/2011:08:51:18 -0800] Server.httpServe: START (EventLoopSimple)
[15/Dec/2011:08:51:43 -0800] Server.httpServe: SHUTDOWN
[15/Dec/2011:08:51:43 -0800] Server.httpServe: BACKEND STOPPED
[15/Dec/2011:08:51:46 -0800] Server.httpServe: START (EventLoopSimple)
[15/Dec/2011:08:52:14 -0800] Server.httpServe: SHUTDOWN
[15/Dec/2011:08:52:14 -0800] Server.httpServe: BACKEND STOPPED
[15/Dec/2011:08:52:16 -0800] Server.httpServe: START (EventLoopSimple)
[15/Dec/2011:08:53:13 -0800] Server.httpServe: SHUTDOWN
[15/Dec/2011:08:53:13 -0800] Server.httpServe: BACKEND STOPPED
[15/Dec/2011:08:53:20 -0800] Server.httpServe: START (EventLoopSimple)
[15/Dec/2011:08:54:45 -0800] Server.httpServe: SHUTDOWN
[15/Dec/2011:08:54:45 -0800] Server.httpServe: BACKEND STOPPED
[15/Dec/2011:08:54:50 -0800] Server.httpServe: START (EventLoopSimple)
[15/Dec/2011:08:55:03 -0800] Server.httpServe: SHUTDOWN
[15/Dec/2011:08:55:03 -0800] Server.httpServe: BACKEND STOPPED
[15/Dec/2011:08:55:05 -0800] Server.httpServe: START (EventLoopSimple)
[15/Dec/2011:08:55:54 -0800] Server.httpServe: SHUTDOWN
[15/Dec/2011:08:55:54 -0800] Server.httpServe: BACKEND STOPPED
[15/Dec/2011:08:55:55 -0800] Server.httpServe: START (EventLoopSimple)
[15/Dec/2011:08:56:13 -0800] Server.httpServe: SHUTDOWN
[15/Dec/2011:08:56:13 -0800] Server.httpServe: BACKEND STOPPED
[15/Dec/2011:08:56:15 -0800] Server.httpServe: START (EventLoopSimple)
[15/Dec/2011:08:58:15 -0800] Server.httpServe: SHUTDOWN
[15/Dec/2011:08:58:15 -0800] Server.httpServe: BACKEND STOPPED
[15/Dec/2011:08:58:30 -0800] Server.httpServe: START (EventLoopSimple)
[15/Dec/2011:08:58:54 -0800] Server.httpServe: SHUTDOWN
[15/Dec/2011:08:58:54 -0800] Server.httpServe: BACKEND STOPPED
[15/Dec/2011:08:58:56 -0800] Server.httpServe: START (EventLoopSimple)
[15/Dec/2011:09:06:41 -0800] Server.httpServe: SHUTDOWN
[15/Dec/2011:09:06:41 -0800] Server.httpServe: BACKEND STOPPED
[15/Dec/2011:09:06:49 -0800] Server.httpServe: START (EventLoopSimple)
[15/Dec/2011:09:08:33 -0800] Server.httpServe: SHUTDOWN
[15/Dec/2011:09:08:33 -0800] Server.httpServe: BACKEND STOPPED
[15/Dec/2011:09:08:44 -0800] Server.httpServe: START (EventLoopSimple)
[15/Dec/2011:09:09:25 -0800] Server.httpServe: SHUTDOWN
[15/Dec/2011:09:09:25 -0800] Server.httpServe: BACKEND STOPPED
[15/Dec/2011:09:09:28 -0800] Server.httpServe: START (EventLoopSimple)
[15/Dec/2011:09:10:25 -0800] Server.httpServe: SHUTDOWN
[15/Dec/2011:09:10:25 -0800] Server.httpServe: BACKEND STOPPED
[15/Dec/2011:09:10:29 -0800] Server.httpServe: START (EventLoopSimple)
[15/Dec/2011:09:11:48 -0800] Server.httpServe: SHUTDOWN
[15/Dec/2011:09:11:48 -0800] Server.httpServe: BACKEND STOPPED
[15/Dec/2011:09:11:54 -0800] Server.httpServe: START (EventLoopSimple)
[15/Dec/2011:09:13:08 -0800] Server.httpServe: SHUTDOWN
[15/Dec/2011:09:13:08 -0800] Server.httpServe: BACKEND STOPPED
[15/Dec/2011:09:13:12 -0800] Server.httpServe: START (EventLoopSimple)
[15/Dec/2011:09:13:38 -0800] Server.httpServe: SHUTDOWN
[15/Dec/2011:09:13:38 -0800] Server.httpServe: BACKEND STOPPED
[15/Dec/2011:09:13:41 -0800] Server.httpServe: START (EventLoopSimple)
[15/Dec/2011:09:13:53 -0800] Server.httpServe: SHUTDOWN
[15/Dec/2011:09:13:53 -0800] Server.httpServe: BACKEND STOPPED
[15/Dec/2011:09:13:55 -0800] Server.httpServe: START (EventLoopSimple)
[15/Dec/2011:09:14:21 -0800] Server.httpServe: SHUTDOWN
[15/Dec/2011:09:14:21 -0800] Server.httpServe: BACKEND STOPPED
[15/Dec/2011:09:14:47 -0800] Server.httpServe: START (EventLoopSimple)
[15/Dec/2011:09:40:55 -0800] Server.httpServe: SHUTDOWN
[15/Dec/2011:09:40:55 -0800] Server.httpServe: BACKEND STOPPED
[15/Dec/2011:09:42:54 -0800] Server.httpServe: START (EventLoopSimple)
[15/Dec/2011:09:55:58 -0800] Server.httpServe: SHUTDOWN
[15/Dec/2011:09:55:58 -0800] Server.httpServe: BACKEND STOPPED
[15/Dec/2011:09:56:43 -0800] Server.httpServe: START (EventLoopSimple)
[15/Dec/2011:11:18:45 -0800] During processing of request from 127.0.0.1:65068
request:
"Request <\n    server-name: localhost\n    remote: 127.0.0.1:65068\n    local: 127.0.0.1:3000\n    Headers:\n      ========================================\n          User-Agent: Mozilla/5.0 (Macintosh; Intel Mac OS X 10_7_2) AppleWebKit/535.7 (KHTML, like Gecko) Chrome/16.0.912.63 Safari/535.7\n Accept-Charset: ISO-8859-1,utf-8;q=0.7,*;q=0.3\n Accept-Language: en-US,en;q=0.8\n Accept: text/html,application/xhtml+xml,application/xml;q=0.9,*/*;q=0.8\n Host: localhost:3000\n Connection: keep-alive\n Accept-Encoding: gzip,deflate,sdch\n      ========================================\n    content-length: Nothing\n    method: GET\n    version: (1,1)\n    cookies:\n      ========================================\n      \n      ========================================\n    pathinfo: run/Newsite/counthits\n    contextpath: /\n    snapletpath: \n    URI: /run/Newsite/counthits\n    params:\n      ========================================\n      \n      ========================================\n>"
A web handler threw an exception. Details:
/Users/jhiesey/Stanford/CS/cs240h/final/miku/plugins/Newsite/hits.txt: openFile: resource busy (file is locked)
[15/Dec/2011:11:18:51 -0800] During processing of request from 127.0.0.1:65072
request:
"Request <\n    server-name: localhost\n    remote: 127.0.0.1:65072\n    local: 127.0.0.1:3000\n    Headers:\n      ========================================\n          User-Agent: Mozilla/5.0 (Macintosh; Intel Mac OS X 10_7_2) AppleWebKit/535.7 (KHTML, like Gecko) Chrome/16.0.912.63 Safari/535.7\n Accept-Charset: ISO-8859-1,utf-8;q=0.7,*;q=0.3\n Accept-Language: en-US,en;q=0.8\n Accept: text/html,application/xhtml+xml,application/xml;q=0.9,*/*;q=0.8\n Host: localhost:3000\n Cache-Control: max-age=0\n Connection: keep-alive\n Accept-Encoding: gzip,deflate,sdch\n      ========================================\n    content-length: Nothing\n    method: GET\n    version: (1,1)\n    cookies:\n      ========================================\n      \n      ========================================\n    pathinfo: run/Newsite/counthits\n    contextpath: /\n    snapletpath: \n    URI: /run/Newsite/counthits\n    params:\n      ========================================\n      \n      ========================================\n>"
A web handler threw an exception. Details:
/Users/jhiesey/Stanford/CS/cs240h/final/miku/plugins/Newsite/hits.txt: openFile: resource busy (file is locked)
[15/Dec/2011:11:22:59 -0800] During processing of request from 127.0.0.1:65155
request:
"Request <\n    server-name: localhost\n    remote: 127.0.0.1:65155\n    local: 127.0.0.1:3000\n    Headers:\n      ========================================\n          User-Agent: Mozilla/5.0 (Macintosh; Intel Mac OS X 10_7_2) AppleWebKit/535.7 (KHTML, like Gecko) Chrome/16.0.912.63 Safari/535.7\n Accept-Charset: ISO-8859-1,utf-8;q=0.7,*;q=0.3\n Accept-Language: en-US,en;q=0.8\n Accept: text/html,application/xhtml+xml,application/xml;q=0.9,*/*;q=0.8\n Host: localhost:3000\n Connection: keep-alive\n Accept-Encoding: gzip,deflate,sdch\n      ========================================\n    content-length: Nothing\n    method: GET\n    version: (1,1)\n    cookies:\n      ========================================\n      \n      ========================================\n    pathinfo: run/Newsite/counthits\n    contextpath: /\n    snapletpath: \n    URI: /run/Newsite/counthits\n    params:\n      ========================================\n      \n      ========================================\n>"
A web handler threw an exception. Details:
/Users/jhiesey/Stanford/CS/cs240h/final/miku/plugins/Newsite/hits.txt: openFile: resource busy (file is locked)
[15/Dec/2011:11:27:18 -0800] Server.httpServe: SHUTDOWN
[15/Dec/2011:11:27:18 -0800] Server.httpServe: BACKEND STOPPED
[15/Dec/2011:11:29:32 -0800] Server.httpServe: START (EventLoopSimple)
[15/Dec/2011:11:32:36 -0800] During processing of request from 127.0.0.1:65359
request:
"Request <\n    server-name: localhost\n    remote: 127.0.0.1:65359\n    local: 127.0.0.1:3000\n    Headers:\n      ========================================\n          User-Agent: Mozilla/5.0 (Macintosh; Intel Mac OS X 10_7_2) AppleWebKit/535.7 (KHTML, like Gecko) Chrome/16.0.912.63 Safari/535.7\n Referer: http://localhost:3000/run/Newsite\n Accept-Charset: ISO-8859-1,utf-8;q=0.7,*;q=0.3\n Accept-Language: en-US,en;q=0.8\n Accept: text/html,application/xhtml+xml,application/xml;q=0.9,*/*;q=0.8\n Host: localhost:3000\n Connection: keep-alive\n Accept-Encoding: gzip,deflate,sdch\n      ========================================\n    content-length: Nothing\n    method: GET\n    version: (1,1)\n    cookies:\n      ========================================\n      \n      ========================================\n    pathinfo: run/Newsite/counthits\n    contextpath: /\n    snapletpath: \n    URI: /run/Newsite/counthits\n    params:\n      ========================================\n      \n      ========================================\n>"
A web handler threw an exception. Details:
/Users/jhiesey/Stanford/CS/cs240h/final/miku/plugins/Newsite/hits.txt: openFile: resource busy (file is locked)
[15/Dec/2011:11:32:39 -0800] During processing of request from 127.0.0.1:65362
request:
"Request <\n    server-name: localhost\n    remote: 127.0.0.1:65362\n    local: 127.0.0.1:3000\n    Headers:\n      ========================================\n          User-Agent: Mozilla/5.0 (Macintosh; Intel Mac OS X 10_7_2) AppleWebKit/535.7 (KHTML, like Gecko) Chrome/16.0.912.63 Safari/535.7\n Referer: http://localhost:3000/run/Newsite\n Accept-Charset: ISO-8859-1,utf-8;q=0.7,*;q=0.3\n Accept-Language: en-US,en;q=0.8\n Accept: text/html,application/xhtml+xml,application/xml;q=0.9,*/*;q=0.8\n Host: localhost:3000\n Connection: keep-alive\n Accept-Encoding: gzip,deflate,sdch\n      ========================================\n    content-length: Nothing\n    method: GET\n    version: (1,1)\n    cookies:\n      ========================================\n      \n      ========================================\n    pathinfo: run/Newsite/counthits\n    contextpath: /\n    snapletpath: \n    URI: /run/Newsite/counthits\n    params:\n      ========================================\n      \n      ========================================\n>"
A web handler threw an exception. Details:
/Users/jhiesey/Stanford/CS/cs240h/final/miku/plugins/Newsite/hits.txt: openFile: resource busy (file is locked)
[15/Dec/2011:11:32:58 -0800] During processing of request from 127.0.0.1:65358
request:
"Request <\n    server-name: localhost\n    remote: 127.0.0.1:65358\n    local: 127.0.0.1:3000\n    Headers:\n      ========================================\n          User-Agent: Mozilla/5.0 (Macintosh; Intel Mac OS X 10_7_2) AppleWebKit/535.7 (KHTML, like Gecko) Chrome/16.0.912.63 Safari/535.7\n Referer: http://localhost:3000/run/Newsite\n Accept-Charset: ISO-8859-1,utf-8;q=0.7,*;q=0.3\n Accept-Language: en-US,en;q=0.8\n Accept: text/html,application/xhtml+xml,application/xml;q=0.9,*/*;q=0.8\n Host: localhost:3000\n Connection: keep-alive\n Accept-Encoding: gzip,deflate,sdch\n      ========================================\n    content-length: Nothing\n    method: GET\n    version: (1,1)\n    cookies:\n      ========================================\n      \n      ========================================\n    pathinfo: run/Newsite/counthits\n    contextpath: /\n    snapletpath: \n    URI: /run/Newsite/counthits\n    params:\n      ========================================\n      \n      ========================================\n>"
A web handler threw an exception. Details:
/Users/jhiesey/Stanford/CS/cs240h/final/miku/plugins/Newsite/hits.txt: openFile: resource busy (file is locked)
[15/Dec/2011:11:33:07 -0800] During processing of request from 127.0.0.1:65370
request:
"Request <\n    server-name: localhost\n    remote: 127.0.0.1:65370\n    local: 127.0.0.1:3000\n    Headers:\n      ========================================\n          User-Agent: Mozilla/5.0 (Macintosh; Intel Mac OS X 10_7_2) AppleWebKit/535.7 (KHTML, like Gecko) Chrome/16.0.912.63 Safari/535.7\n Referer: http://localhost:3000/run/Newsite\n Accept-Charset: ISO-8859-1,utf-8;q=0.7,*;q=0.3\n Accept-Language: en-US,en;q=0.8\n Accept: text/html,application/xhtml+xml,application/xml;q=0.9,*/*;q=0.8\n Host: localhost:3000\n Connection: keep-alive\n Accept-Encoding: gzip,deflate,sdch\n      ========================================\n    content-length: Nothing\n    method: GET\n    version: (1,1)\n    cookies:\n      ========================================\n      \n      ========================================\n    pathinfo: run/Newsite/counthits\n    contextpath: /\n    snapletpath: \n    URI: /run/Newsite/counthits\n    params:\n      ========================================\n      \n      ========================================\n>"
A web handler threw an exception. Details:
/Users/jhiesey/Stanford/CS/cs240h/final/miku/plugins/Newsite/hits.txt: openFile: resource busy (file is locked)
[15/Dec/2011:11:33:15 -0800] Server.httpServe: SHUTDOWN
[15/Dec/2011:11:33:15 -0800] Server.httpServe: BACKEND STOPPED
[15/Dec/2011:11:33:20 -0800] Server.httpServe: START (EventLoopSimple)
[15/Dec/2011:12:12:36 -0800] Server.httpServe: SHUTDOWN
[15/Dec/2011:12:12:36 -0800] Server.httpServe: BACKEND STOPPED
[15/Dec/2011:12:14:22 -0800] Server.httpServe: START (EventLoopSimple)
[15/Dec/2011:12:58:28 -0800] Server.httpServe: SHUTDOWN
[15/Dec/2011:12:58:28 -0800] Server.httpServe: BACKEND STOPPED
[16/Dec/2011:00:34:24 -0800] Server.httpServe: START (EventLoopSimple)
[16/Dec/2011:00:53:42 -0800] Server.httpServe: SHUTDOWN
[16/Dec/2011:00:53:42 -0800] Server.httpServe: BACKEND STOPPED
[17/Dec/2011:03:34:03 -0800] Server.httpServe: START (EventLoopSimple)
[17/Dec/2011:07:25:49 -0800] Server.httpServe: SHUTDOWN
[17/Dec/2011:07:25:49 -0800] Server.httpServe: BACKEND STOPPED
